  sandbox.cpp
C:\Users\Rajesh\OneDrive\Desktop\dbdb\libcache\ObjectUID.h(32,36): warning C4244: 'argument': conversion from 'const uintptr_t' to 'const _Kty', possible loss of data
C:\Users\Rajesh\OneDrive\Desktop\dbdb\libcache\ObjectUID.h(32,36): warning C4244:         with
C:\Users\Rajesh\OneDrive\Desktop\dbdb\libcache\ObjectUID.h(32,36): warning C4244:         [
C:\Users\Rajesh\OneDrive\Desktop\dbdb\libcache\ObjectUID.h(32,36): warning C4244:             _Kty=uint32_t
C:\Users\Rajesh\OneDrive\Desktop\dbdb\libcache\ObjectUID.h(32,36): warning C4244:         ]
  (compiling source file 'sandbox.cpp')
  
C:\Users\Rajesh\OneDrive\Desktop\dbdb\libcache\ObjectUID.h(56,36): warning C4244: 'argument': conversion from 'const uintptr_t' to 'const _Kty', possible loss of data
C:\Users\Rajesh\OneDrive\Desktop\dbdb\libcache\ObjectUID.h(56,36): warning C4244:         with
C:\Users\Rajesh\OneDrive\Desktop\dbdb\libcache\ObjectUID.h(56,36): warning C4244:         [
C:\Users\Rajesh\OneDrive\Desktop\dbdb\libcache\ObjectUID.h(56,36): warning C4244:             _Kty=uint32_t
C:\Users\Rajesh\OneDrive\Desktop\dbdb\libcache\ObjectUID.h(56,36): warning C4244:         ]
  (compiling source file 'sandbox.cpp')
  
C:\Users\Rajesh\OneDrive\Desktop\dbdb\sandbox\sandbox.cpp(557,36): warning C4267: 'argument': conversion from 'size_t' to 'uint32_t', possible loss of data
C:\Users\Rajesh\OneDrive\Desktop\dbdb\sandbox\sandbox.cpp(574,36): warning C4267: 'argument': conversion from 'size_t' to 'uint32_t', possible loss of data
C:\Users\Rajesh\OneDrive\Desktop\dbdb\sandbox\sandbox.cpp(609,36): warning C4267: 'argument': conversion from 'size_t' to 'uint32_t', possible loss of data
C:\Users\Rajesh\OneDrive\Desktop\dbdb\sandbox\sandbox.cpp(626,36): warning C4267: 'argument': conversion from 'size_t' to 'uint32_t', possible loss of data
C:\Users\Rajesh\OneDrive\Desktop\dbdb\sandbox\sandbox.cpp(720,36): warning C4267: 'argument': conversion from 'size_t' to 'uint32_t', possible loss of data
C:\Users\Rajesh\OneDrive\Desktop\dbdb\sandbox\sandbox.cpp(723,53): warning C4267: 'argument': conversion from 'size_t' to 'int', possible loss of data
C:\Users\Rajesh\OneDrive\Desktop\dbdb\sandbox\sandbox.cpp(737,36): warning C4267: 'argument': conversion from 'size_t' to 'uint32_t', possible loss of data
C:\Users\Rajesh\OneDrive\Desktop\dbdb\sandbox\sandbox.cpp(740,53): warning C4267: 'argument': conversion from 'size_t' to 'int', possible loss of data
C:\Users\Rajesh\OneDrive\Desktop\dbdb\sandbox\sandbox.cpp(773,36): warning C4267: 'argument': conversion from 'size_t' to 'uint32_t', possible loss of data
C:\Users\Rajesh\OneDrive\Desktop\dbdb\sandbox\sandbox.cpp(776,53): warning C4267: 'argument': conversion from 'size_t' to 'int', possible loss of data
C:\Users\Rajesh\OneDrive\Desktop\dbdb\sandbox\sandbox.cpp(790,36): warning C4267: 'argument': conversion from 'size_t' to 'uint32_t', possible loss of data
C:\Users\Rajesh\OneDrive\Desktop\dbdb\sandbox\sandbox.cpp(793,53): warning C4267: 'argument': conversion from 'size_t' to 'int', possible loss of data
C:\Users\Rajesh\OneDrive\Desktop\dbdb\sandbox\sandbox.cpp(957,40): warning C4267: 'argument': conversion from 'size_t' to 'uint32_t', possible loss of data
C:\Users\Rajesh\OneDrive\Desktop\dbdb\sandbox\sandbox.cpp(997,40): warning C4267: 'argument': conversion from 'size_t' to 'uint32_t', possible loss of data
C:\Users\Rajesh\OneDrive\Desktop\dbdb\sandbox\sandbox.cpp(1001,64): warning C4267: 'argument': conversion from 'size_t' to 'int', possible loss of data
C:\Users\Rajesh\OneDrive\Desktop\dbdb\sandbox\sandbox.cpp(1175,39): warning C4267: 'argument': conversion from 'size_t' to 'const KeyType', possible loss of data
C:\Users\Rajesh\OneDrive\Desktop\dbdb\sandbox\sandbox.cpp(1175,39): warning C4267:         with
C:\Users\Rajesh\OneDrive\Desktop\dbdb\sandbox\sandbox.cpp(1175,39): warning C4267:         [
C:\Users\Rajesh\OneDrive\Desktop\dbdb\sandbox\sandbox.cpp(1175,39): warning C4267:             KeyType=test_for_ints::KeyType
C:\Users\Rajesh\OneDrive\Desktop\dbdb\sandbox\sandbox.cpp(1175,39): warning C4267:         ]
C:\Users\Rajesh\OneDrive\Desktop\dbdb\sandbox\sandbox.cpp(1181,39): warning C4267: 'argument': conversion from 'size_t' to 'const KeyType', possible loss of data
C:\Users\Rajesh\OneDrive\Desktop\dbdb\sandbox\sandbox.cpp(1181,39): warning C4267:         with
C:\Users\Rajesh\OneDrive\Desktop\dbdb\sandbox\sandbox.cpp(1181,39): warning C4267:         [
C:\Users\Rajesh\OneDrive\Desktop\dbdb\sandbox\sandbox.cpp(1181,39): warning C4267:             KeyType=test_for_ints::KeyType
C:\Users\Rajesh\OneDrive\Desktop\dbdb\sandbox\sandbox.cpp(1181,39): warning C4267:         ]
C:\Users\Rajesh\OneDrive\Desktop\dbdb\libbtree\IndexNodeROpt.hpp(608,36): warning C4267: 'initializing': conversion from 'size_t' to 'uint32_t', possible loss of data
  (compiling source file 'sandbox.cpp')
      C:\Users\Rajesh\OneDrive\Desktop\dbdb\libbtree\IndexNodeROpt.hpp(608,36):
      the template instantiation context (the oldest one first) is
          C:\Users\Rajesh\OneDrive\Desktop\dbdb\sandbox\sandbox.cpp(612,39):
          see reference to class template instantiation 'IndexNodeROpt<test_for_ints::KeyType,test_for_ints::ValueType,test_for_ints::ObjectUIDType,test_for_ints::DataNodeType,2>' being compiled
          C:\Users\Rajesh\OneDrive\Desktop\dbdb\libbtree\IndexNodeROpt.hpp(593,19):
          while compiling class template member function 'ErrorCode IndexNodeROpt<test_for_ints::KeyType,test_for_ints::ValueType,test_for_ints::ObjectUIDType,test_for_ints::DataNodeType,2>::insert(const KeyType &,const ObjectUIDType &,int32_t &)'
          with
          [
              KeyType=test_for_ints::KeyType,
              ObjectUIDType=test_for_ints::ObjectUIDType
          ]
              C:\Users\Rajesh\OneDrive\Desktop\dbdb\libbtree\BPlusStore.hpp(249,13):
              see the first reference to 'IndexNodeROpt<test_for_ints::KeyType,test_for_ints::ValueType,test_for_ints::ObjectUIDType,test_for_ints::DataNodeType,2>::insert' in 'BPlusStore<cache_team_test::ICallback,cache_team_test::KeyType,cache_team_test::ValueType,SSARCCache<cache_team_test::ICallback,VolatileStorage<cache_team_test::ICallback,cache_team_test::ObjectUIDType,SSARCCacheObject,TypeMarshaller,cache_team_test::DataNodeType,cache_team_test::IndexNodeType>>>::insert'
              C:\Users\Rajesh\OneDrive\Desktop\dbdb\sandbox\sandbox.cpp(1050,23):
              see the first reference to 'BPlusStore<cache_team_test::ICallback,cache_team_test::KeyType,cache_team_test::ValueType,SSARCCache<cache_team_test::ICallback,VolatileStorage<cache_team_test::ICallback,cache_team_test::ObjectUIDType,SSARCCacheObject,TypeMarshaller,cache_team_test::DataNodeType,cache_team_test::IndexNodeType>>>::insert' in 'cache_team_test'
  
C:\Users\Rajesh\OneDrive\Desktop\dbdb\libbtree\IndexNodeROpt.hpp(609,39): warning C4267: 'initializing': conversion from 'size_t' to 'uint32_t', possible loss of data
  (compiling source file 'sandbox.cpp')
  
C:\Users\Rajesh\OneDrive\Desktop\dbdb\libbtree\IndexNodeROpt.hpp(627,47): warning C4267: '+=': conversion from 'size_t' to 'int32_t', possible loss of data
  (compiling source file 'sandbox.cpp')
  
C:\Users\Rajesh\OneDrive\Desktop\dbdb\libbtree\IndexNodeROpt.hpp(633,49): warning C4267: '+=': conversion from 'size_t' to 'int32_t', possible loss of data
  (compiling source file 'sandbox.cpp')
  
C:\Users\Rajesh\OneDrive\Desktop\dbdb\libbtree\DataNodeROpt.hpp(549,34): warning C4267: 'initializing': conversion from 'size_t' to 'uint32_t', possible loss of data
  (compiling source file 'sandbox.cpp')
      C:\Users\Rajesh\OneDrive\Desktop\dbdb\libbtree\DataNodeROpt.hpp(549,34):
      the template instantiation context (the oldest one first) is
          C:\Users\Rajesh\OneDrive\Desktop\dbdb\sandbox\sandbox.cpp(612,39):
          see reference to class template instantiation 'DataNodeROpt<test_for_ints::KeyType,test_for_ints::ValueType,test_for_ints::ObjectUIDType,1>' being compiled
          C:\Users\Rajesh\OneDrive\Desktop\dbdb\libbtree\DataNodeROpt.hpp(534,19):
          while compiling class template member function 'ErrorCode DataNodeROpt<test_for_ints::KeyType,test_for_ints::ValueType,test_for_ints::ObjectUIDType,1>::insert(const KeyType &,const ValueType &,int32_t &)'
          with
          [
              KeyType=test_for_ints::KeyType,
              ValueType=test_for_ints::ValueType
          ]
              C:\Users\Rajesh\OneDrive\Desktop\dbdb\libbtree\BPlusStore.hpp(171,17):
              see the first reference to 'DataNodeROpt<test_for_ints::KeyType,test_for_ints::ValueType,test_for_ints::ObjectUIDType,1>::insert' in 'BPlusStore<cache_team_test::ICallback,cache_team_test::KeyType,cache_team_test::ValueType,SSARCCache<cache_team_test::ICallback,VolatileStorage<cache_team_test::ICallback,cache_team_test::ObjectUIDType,SSARCCacheObject,TypeMarshaller,cache_team_test::DataNodeType,cache_team_test::IndexNodeType>>>::insert'
              C:\Users\Rajesh\OneDrive\Desktop\dbdb\sandbox\sandbox.cpp(1050,23):
              see the first reference to 'BPlusStore<cache_team_test::ICallback,cache_team_test::KeyType,cache_team_test::ValueType,SSARCCache<cache_team_test::ICallback,VolatileStorage<cache_team_test::ICallback,cache_team_test::ObjectUIDType,SSARCCacheObject,TypeMarshaller,cache_team_test::DataNodeType,cache_team_test::IndexNodeType>>>::insert' in 'cache_team_test'
  
C:\Users\Rajesh\OneDrive\Desktop\dbdb\libbtree\DataNodeROpt.hpp(550,36): warning C4267: 'initializing': conversion from 'size_t' to 'uint32_t', possible loss of data
  (compiling source file 'sandbox.cpp')
  
C:\Users\Rajesh\OneDrive\Desktop\dbdb\libbtree\DataNodeROpt.hpp(575,45): warning C4267: '+=': conversion from 'size_t' to 'int32_t', possible loss of data
  (compiling source file 'sandbox.cpp')
  
C:\Users\Rajesh\OneDrive\Desktop\dbdb\libbtree\DataNodeROpt.hpp(581,47): warning C4267: '+=': conversion from 'size_t' to 'int32_t', possible loss of data
  (compiling source file 'sandbox.cpp')
  
C:\Users\Rajesh\OneDrive\Desktop\dbdb\libbtree\DataNodeROpt.hpp(490,35): warning C4267: 'initializing': conversion from 'size_t' to 'uint32_t', possible loss of data
  (compiling source file 'sandbox.cpp')
      C:\Users\Rajesh\OneDrive\Desktop\dbdb\libbtree\DataNodeROpt.hpp(490,35):
      the template instantiation context (the oldest one first) is
          C:\Users\Rajesh\OneDrive\Desktop\dbdb\libbtree\DataNodeROpt.hpp(471,19):
          while compiling class template member function 'ErrorCode DataNodeROpt<test_for_ints::KeyType,test_for_ints::ValueType,test_for_ints::ObjectUIDType,1>::remove(const KeyType &,int32_t &)'
          with
          [
              KeyType=test_for_ints::KeyType
          ]
              C:\Users\Rajesh\OneDrive\Desktop\dbdb\libbtree\BPlusStore.hpp(563,17):
              see the first reference to 'DataNodeROpt<test_for_ints::KeyType,test_for_ints::ValueType,test_for_ints::ObjectUIDType,1>::remove' in 'BPlusStore<test_for_ints::ICallback,test_for_ints::KeyType,test_for_ints::ValueType,LRUCache<test_for_ints::ICallback,VolatileStorage<test_for_ints::ICallback,test_for_ints::ObjectUIDType,LRUCacheObject,TypeMarshaller,test_for_ints::DataNodeType,test_for_ints::IndexNodeType>>>::remove'
              C:\Users\Rajesh\OneDrive\Desktop\dbdb\sandbox\sandbox.cpp(1175,22):
              see the first reference to 'BPlusStore<test_for_ints::ICallback,test_for_ints::KeyType,test_for_ints::ValueType,LRUCache<test_for_ints::ICallback,VolatileStorage<test_for_ints::ICallback,test_for_ints::ObjectUIDType,LRUCacheObject,TypeMarshaller,test_for_ints::DataNodeType,test_for_ints::IndexNodeType>>>::remove' in 'main'
  
C:\Users\Rajesh\OneDrive\Desktop\dbdb\libbtree\DataNodeROpt.hpp(491,37): warning C4267: 'initializing': conversion from 'size_t' to 'uint32_t', possible loss of data
  (compiling source file 'sandbox.cpp')
  
C:\Users\Rajesh\OneDrive\Desktop\dbdb\libbtree\DataNodeROpt.hpp(494,14): warning C4244: 'initializing': conversion from '__int64' to 'int', possible loss of data
  (compiling source file 'sandbox.cpp')
  
C:\Users\Rajesh\OneDrive\Desktop\dbdb\libbtree\DataNodeROpt.hpp(507,46): warning C4267: '+=': conversion from 'size_t' to 'int32_t', possible loss of data
  (compiling source file 'sandbox.cpp')
  
C:\Users\Rajesh\OneDrive\Desktop\dbdb\libbtree\DataNodeROpt.hpp(513,48): warning C4267: '+=': conversion from 'size_t' to 'int32_t', possible loss of data
  (compiling source file 'sandbox.cpp')
  
C:\Users\Rajesh\OneDrive\Desktop\dbdb\libbtree\IndexNodeROpt.hpp(199,41): warning C4267: '-=': conversion from 'size_t' to 'int32_t', possible loss of data
  (compiling source file 'sandbox.cpp')
      C:\Users\Rajesh\OneDrive\Desktop\dbdb\libbtree\IndexNodeROpt.hpp(199,41):
      the template instantiation context (the oldest one first) is
          C:\Users\Rajesh\OneDrive\Desktop\dbdb\libbtree\IndexNodeROpt.hpp(190,17):
          while compiling class template member function 'int32_t IndexNodeROpt<test_for_ints::KeyType,test_for_ints::ValueType,test_for_ints::ObjectUIDType,test_for_ints::DataNodeType,2>::moveDataToDRAM(void)'
              C:\Users\Rajesh\OneDrive\Desktop\dbdb\libbtree\IndexNodeROpt.hpp(601,21):
              see the first reference to 'IndexNodeROpt<test_for_ints::KeyType,test_for_ints::ValueType,test_for_ints::ObjectUIDType,test_for_ints::DataNodeType,2>::moveDataToDRAM' in 'IndexNodeROpt<test_for_ints::KeyType,test_for_ints::ValueType,test_for_ints::ObjectUIDType,test_for_ints::DataNodeType,2>::insert'
              C:\Users\Rajesh\OneDrive\Desktop\dbdb\libbtree\BPlusStore.hpp(249,13):
              see the first reference to 'IndexNodeROpt<test_for_ints::KeyType,test_for_ints::ValueType,test_for_ints::ObjectUIDType,test_for_ints::DataNodeType,2>::insert' in 'BPlusStore<cache_team_test::ICallback,cache_team_test::KeyType,cache_team_test::ValueType,SSARCCache<cache_team_test::ICallback,VolatileStorage<cache_team_test::ICallback,cache_team_test::ObjectUIDType,SSARCCacheObject,TypeMarshaller,cache_team_test::DataNodeType,cache_team_test::IndexNodeType>>>::insert'
              C:\Users\Rajesh\OneDrive\Desktop\dbdb\sandbox\sandbox.cpp(1050,23):
              see the first reference to 'BPlusStore<cache_team_test::ICallback,cache_team_test::KeyType,cache_team_test::ValueType,SSARCCache<cache_team_test::ICallback,VolatileStorage<cache_team_test::ICallback,cache_team_test::ObjectUIDType,SSARCCacheObject,TypeMarshaller,cache_team_test::DataNodeType,cache_team_test::IndexNodeType>>>::insert' in 'cache_team_test'
  
C:\Users\Rajesh\OneDrive\Desktop\dbdb\libbtree\IndexNodeROpt.hpp(225,41): warning C4267: '+=': conversion from 'size_t' to 'int32_t', possible loss of data
  (compiling source file 'sandbox.cpp')
  
C:\Users\Rajesh\OneDrive\Desktop\dbdb\libbtree\DataNodeROpt.hpp(193,41): warning C4267: '-=': conversion from 'size_t' to 'int32_t', possible loss of data
  (compiling source file 'sandbox.cpp')
      C:\Users\Rajesh\OneDrive\Desktop\dbdb\libbtree\DataNodeROpt.hpp(193,41):
      the template instantiation context (the oldest one first) is
          C:\Users\Rajesh\OneDrive\Desktop\dbdb\libbtree\DataNodeROpt.hpp(184,17):
          while compiling class template member function 'int32_t DataNodeROpt<test_for_ints::KeyType,test_for_ints::ValueType,test_for_ints::ObjectUIDType,1>::moveDataToDRAM(void)'
              C:\Users\Rajesh\OneDrive\Desktop\dbdb\libbtree\DataNodeROpt.hpp(542,21):
              see the first reference to 'DataNodeROpt<test_for_ints::KeyType,test_for_ints::ValueType,test_for_ints::ObjectUIDType,1>::moveDataToDRAM' in 'DataNodeROpt<test_for_ints::KeyType,test_for_ints::ValueType,test_for_ints::ObjectUIDType,1>::insert'
              C:\Users\Rajesh\OneDrive\Desktop\dbdb\libbtree\BPlusStore.hpp(171,17):
              see the first reference to 'DataNodeROpt<test_for_ints::KeyType,test_for_ints::ValueType,test_for_ints::ObjectUIDType,1>::insert' in 'BPlusStore<cache_team_test::ICallback,cache_team_test::KeyType,cache_team_test::ValueType,SSARCCache<cache_team_test::ICallback,VolatileStorage<cache_team_test::ICallback,cache_team_test::ObjectUIDType,SSARCCacheObject,TypeMarshaller,cache_team_test::DataNodeType,cache_team_test::IndexNodeType>>>::insert'
              C:\Users\Rajesh\OneDrive\Desktop\dbdb\sandbox\sandbox.cpp(1050,23):
              see the first reference to 'BPlusStore<cache_team_test::ICallback,cache_team_test::KeyType,cache_team_test::ValueType,SSARCCache<cache_team_test::ICallback,VolatileStorage<cache_team_test::ICallback,cache_team_test::ObjectUIDType,SSARCCacheObject,TypeMarshaller,cache_team_test::DataNodeType,cache_team_test::IndexNodeType>>>::insert' in 'cache_team_test'
  
C:\Users\Rajesh\OneDrive\Desktop\dbdb\libbtree\DataNodeROpt.hpp(216,41): warning C4267: '+=': conversion from 'size_t' to 'int32_t', possible loss of data
  (compiling source file 'sandbox.cpp')
  
C:\Users\Rajesh\OneDrive\Desktop\dbdb\libcache\LRUCache.hpp(1140,33): warning C4267: 'initializing': conversion from 'size_t' to 'uint32_t', possible loss of data
  (compiling source file 'sandbox.cpp')
      C:\Users\Rajesh\OneDrive\Desktop\dbdb\libcache\LRUCache.hpp(1140,33):
      the template instantiation context (the oldest one first) is
          C:\Users\Rajesh\OneDrive\Desktop\dbdb\sandbox\sandbox.cpp(609,28):
          see reference to class template instantiation 'BPlusStore<test_for_ints::ICallback,test_for_ints::KeyType,test_for_ints::ValueType,LRUCache<test_for_ints::ICallback,VolatileStorage<test_for_ints::ICallback,test_for_ints::ObjectUIDType,LRUCacheObject,TypeMarshaller,test_for_ints::DataNodeType,test_for_ints::IndexNodeType>>>' being compiled
          C:\Users\Rajesh\OneDrive\Desktop\dbdb\libbtree\BPlusStore.hpp(36,24):
          see reference to class template instantiation 'LRUCache<test_for_ints::ICallback,VolatileStorage<test_for_ints::ICallback,test_for_ints::ObjectUIDType,LRUCacheObject,TypeMarshaller,test_for_ints::DataNodeType,test_for_ints::IndexNodeType>>' being compiled
          C:\Users\Rajesh\OneDrive\Desktop\dbdb\libcache\LRUCache.hpp(1130,14):
          while compiling class template member function 'void LRUCache<test_for_ints::ICallback,VolatileStorage<test_for_ints::ICallback,test_for_ints::ObjectUIDType,LRUCacheObject,TypeMarshaller,test_for_ints::DataNodeType,test_for_ints::IndexNodeType>>::flushDataItemsToStorage(void)'
              C:\Users\Rajesh\OneDrive\Desktop\dbdb\libcache\LRUCache.hpp(631,26):
              see the first reference to 'LRUCache<test_for_ints::ICallback,VolatileStorage<test_for_ints::ICallback,test_for_ints::ObjectUIDType,LRUCacheObject,TypeMarshaller,test_for_ints::DataNodeType,test_for_ints::IndexNodeType>>::flushDataItemsToStorage' in 'LRUCache<test_for_ints::ICallback,VolatileStorage<test_for_ints::ICallback,test_for_ints::ObjectUIDType,LRUCacheObject,TypeMarshaller,test_for_ints::DataNodeType,test_for_ints::IndexNodeType>>::flush'
              C:\Users\Rajesh\OneDrive\Desktop\dbdb\libbtree\BPlusStore.hpp(823,26):
              see the first reference to 'LRUCache<test_for_ints::ICallback,VolatileStorage<test_for_ints::ICallback,test_for_ints::ObjectUIDType,LRUCacheObject,TypeMarshaller,test_for_ints::DataNodeType,test_for_ints::IndexNodeType>>::flush' in 'BPlusStore<test_for_ints::ICallback,test_for_ints::KeyType,test_for_ints::ValueType,LRUCache<test_for_ints::ICallback,VolatileStorage<test_for_ints::ICallback,test_for_ints::ObjectUIDType,LRUCacheObject,TypeMarshaller,test_for_ints::DataNodeType,test_for_ints::IndexNodeType>>>::flush'
              C:\Users\Rajesh\OneDrive\Desktop\dbdb\sandbox\sandbox.cpp(1146,18):
              see the first reference to 'BPlusStore<test_for_ints::ICallback,test_for_ints::KeyType,test_for_ints::ValueType,LRUCache<test_for_ints::ICallback,VolatileStorage<test_for_ints::ICallback,test_for_ints::ObjectUIDType,LRUCacheObject,TypeMarshaller,test_for_ints::DataNodeType,test_for_ints::IndexNodeType>>>::flush' in 'main'
  
C:\Users\Rajesh\OneDrive\Desktop\dbdb\sandbox\sandbox.cpp(367,24): warning C4267: 'initializing': conversion from 'size_t' to 'int', possible loss of data
      C:\Users\Rajesh\OneDrive\Desktop\dbdb\sandbox\sandbox.cpp(367,24):
      the template instantiation context (the oldest one first) is
          C:\Users\Rajesh\OneDrive\Desktop\dbdb\sandbox\sandbox.cpp(560,13):
          see reference to function template instantiation 'void int_test<test_for_ints::BPlusStoreType>(BPlusStoreType *,size_t)' being compiled
          with
          [
              BPlusStoreType=test_for_ints::BPlusStoreType
          ]
  
C:\Users\Rajesh\OneDrive\Desktop\dbdb\sandbox\sandbox.cpp(373,24): warning C4267: 'initializing': conversion from 'size_t' to 'int', possible loss of data
C:\Users\Rajesh\OneDrive\Desktop\dbdb\sandbox\sandbox.cpp(387,24): warning C4267: 'initializing': conversion from 'size_t' to 'int', possible loss of data
C:\Users\Rajesh\OneDrive\Desktop\dbdb\sandbox\sandbox.cpp(393,24): warning C4267: 'initializing': conversion from 'size_t' to 'int', possible loss of data
C:\Users\Rajesh\OneDrive\Desktop\dbdb\libcache\ObjectFatUID.h(77,50): warning C4267: 'argument': conversion from 'size_t' to 'uint32_t', possible loss of data
  (compiling source file 'sandbox.cpp')
      C:\Users\Rajesh\OneDrive\Desktop\dbdb\libcache\ObjectFatUID.h(77,50):
      the template instantiation context (the oldest one first) is
          C:\Users\Rajesh\OneDrive\Desktop\dbdb\sandbox\sandbox.cpp(1032,20):
          see reference to class template instantiation 'BPlusStore<cache_team_test::ICallback,cache_team_test::KeyType,cache_team_test::ValueType,SSARCCache<cache_team_test::ICallback,VolatileStorage<cache_team_test::ICallback,cache_team_test::ObjectUIDType,SSARCCacheObject,TypeMarshaller,cache_team_test::DataNodeType,cache_team_test::IndexNodeType>>>' being compiled
          C:\Users\Rajesh\OneDrive\Desktop\dbdb\libbtree\BPlusStore.hpp(863,10):
          while compiling class template member function 'void BPlusStore<cache_team_test::ICallback,cache_team_test::KeyType,cache_team_test::ValueType,SSARCCache<cache_team_test::ICallback,VolatileStorage<cache_team_test::ICallback,cache_team_test::ObjectUIDType,SSARCCacheObject,TypeMarshaller,cache_team_test::DataNodeType,cache_team_test::IndexNodeType>>>::prepareFlush(std::vector<std::pair<ObjectUIDType,std::pair<std::optional<ObjectUIDType>,std::shared_ptr<ObjectType>>>,std::allocator<std::pair<ObjectUIDType,std::pair<std::optional<ObjectUIDType>,std::shared_ptr<ObjectType>>>>> &,size_t,size_t &,size_t,ObjectFatUID::StorageMedia)'
          with
          [
              ObjectUIDType=cache_team_test::ObjectUIDType,
              ObjectType=cache_team_test::ObjectType
          ]
          C:\Users\Rajesh\OneDrive\Desktop\dbdb\libbtree\BPlusStore.hpp(892,32):
          see reference to function template instantiation 'void ObjectFatUID::createAddressFromArgs<uint8_t,size_t,size_t>(ObjectFatUID &,ObjectFatUID::StorageMedia,uint8_t,size_t,size_t)' being compiled
  
C:\Users\Rajesh\OneDrive\Desktop\dbdb\libcache\ObjectFatUID.h(80,44): warning C4267: 'argument': conversion from 'size_t' to 'uint32_t', possible loss of data
  (compiling source file 'sandbox.cpp')
  
C:\Users\Rajesh\OneDrive\Desktop\dbdb\libcache\ObjectFatUID.h(83,44): warning C4267: 'argument': conversion from 'size_t' to 'uint32_t', possible loss of data
  (compiling source file 'sandbox.cpp')
  
C:\Users\Rajesh\OneDrive\Desktop\dbdb\libbtree\DataNodeROpt.hpp(616,34): warning C4267: 'initializing': conversion from 'size_t' to 'uint32_t', possible loss of data
  (compiling source file 'sandbox.cpp')
      C:\Users\Rajesh\OneDrive\Desktop\dbdb\libbtree\DataNodeROpt.hpp(616,34):
      the template instantiation context (the oldest one first) is
          C:\Users\Rajesh\OneDrive\Desktop\dbdb\libbtree\BPlusStore.hpp(75,15):
          while compiling class template member function 'ErrorCode BPlusStore<cache_team_test::ICallback,cache_team_test::KeyType,cache_team_test::ValueType,SSARCCache<cache_team_test::ICallback,VolatileStorage<cache_team_test::ICallback,cache_team_test::ObjectUIDType,SSARCCacheObject,TypeMarshaller,cache_team_test::DataNodeType,cache_team_test::IndexNodeType>>>::insert(const KeyType &,const ValueType &,bool)'
          with
          [
              KeyType=cache_team_test::KeyType,
              ValueType=cache_team_test::ValueType
          ]
              C:\Users\Rajesh\OneDrive\Desktop\dbdb\sandbox\sandbox.cpp(1050,23):
              see the first reference to 'BPlusStore<cache_team_test::ICallback,cache_team_test::KeyType,cache_team_test::ValueType,SSARCCache<cache_team_test::ICallback,VolatileStorage<cache_team_test::ICallback,cache_team_test::ObjectUIDType,SSARCCacheObject,TypeMarshaller,cache_team_test::DataNodeType,cache_team_test::IndexNodeType>>>::insert' in 'cache_team_test'
          C:\Users\Rajesh\OneDrive\Desktop\dbdb\libbtree\BPlusStore.hpp(196,63):
          see reference to function template instantiation 'ErrorCode DataNodeROpt<test_for_ints::KeyType,test_for_ints::ValueType,test_for_ints::ObjectUIDType,1>::split<CacheType,std::shared_ptr<ObjectType>>(std::shared_ptr<CacheType> &,std::optional<ObjectUIDType> &,CacheObjectTypePtr &,KeyType &,int32_t &)' being compiled
          with
          [
              CacheType=SSARCCache<cache_team_test::ICallback,VolatileStorage<cache_team_test::ICallback,cache_team_test::ObjectUIDType,SSARCCacheObject,TypeMarshaller,cache_team_test::DataNodeType,cache_team_test::IndexNodeType>>,
              ObjectType=cache_team_test::ObjectType,
              ObjectUIDType=test_for_ints::ObjectUIDType,
              CacheObjectTypePtr=std::shared_ptr<cache_team_test::ObjectType>,
              KeyType=test_for_ints::KeyType
          ]
  
C:\Users\Rajesh\OneDrive\Desktop\dbdb\libbtree\DataNodeROpt.hpp(617,36): warning C4267: 'initializing': conversion from 'size_t' to 'uint32_t', possible loss of data
  (compiling source file 'sandbox.cpp')
  
C:\Users\Rajesh\OneDrive\Desktop\dbdb\libbtree\DataNodeROpt.hpp(647,45): warning C4267: '+=': conversion from 'size_t' to 'int32_t', possible loss of data
  (compiling source file 'sandbox.cpp')
  
C:\Users\Rajesh\OneDrive\Desktop\dbdb\libbtree\DataNodeROpt.hpp(653,47): warning C4267: '+=': conversion from 'size_t' to 'int32_t', possible loss of data
  (compiling source file 'sandbox.cpp')
  
C:\Users\Rajesh\OneDrive\Desktop\dbdb\libbtree\IndexNodeROpt.hpp(995,36): warning C4267: 'initializing': conversion from 'size_t' to 'uint32_t', possible loss of data
  (compiling source file 'sandbox.cpp')
      C:\Users\Rajesh\OneDrive\Desktop\dbdb\libbtree\IndexNodeROpt.hpp(995,36):
      the template instantiation context (the oldest one first) is
          C:\Users\Rajesh\OneDrive\Desktop\dbdb\libbtree\BPlusStore.hpp(269,60):
          see reference to function template instantiation 'ErrorCode IndexNodeROpt<test_for_ints::KeyType,test_for_ints::ValueType,test_for_ints::ObjectUIDType,test_for_ints::DataNodeType,2>::split<CacheType,std::shared_ptr<ObjectType>>(std::shared_ptr<CacheType>,std::optional<ObjectUIDType> &,CacheObjectTypePtr &,KeyType &,int32_t &)' being compiled
          with
          [
              CacheType=SSARCCache<cache_team_test::ICallback,VolatileStorage<cache_team_test::ICallback,cache_team_test::ObjectUIDType,SSARCCacheObject,TypeMarshaller,cache_team_test::DataNodeType,cache_team_test::IndexNodeType>>,
              ObjectType=cache_team_test::ObjectType,
              ObjectUIDType=test_for_ints::ObjectUIDType,
              CacheObjectTypePtr=std::shared_ptr<cache_team_test::ObjectType>,
              KeyType=test_for_ints::KeyType
          ]
  
C:\Users\Rajesh\OneDrive\Desktop\dbdb\libbtree\IndexNodeROpt.hpp(996,39): warning C4267: 'initializing': conversion from 'size_t' to 'uint32_t', possible loss of data
  (compiling source file 'sandbox.cpp')
  
C:\Users\Rajesh\OneDrive\Desktop\dbdb\libbtree\IndexNodeROpt.hpp(1024,47): warning C4267: '+=': conversion from 'size_t' to 'int32_t', possible loss of data
  (compiling source file 'sandbox.cpp')
  
C:\Users\Rajesh\OneDrive\Desktop\dbdb\libbtree\IndexNodeROpt.hpp(1030,49): warning C4267: '+=': conversion from 'size_t' to 'int32_t', possible loss of data
  (compiling source file 'sandbox.cpp')
  
C:\Users\Rajesh\OneDrive\Desktop\dbdb\libbtree\IndexNodeROpt.hpp(1237,36): warning C4267: 'initializing': conversion from 'size_t' to 'uint32_t', possible loss of data
  (compiling source file 'sandbox.cpp')
      C:\Users\Rajesh\OneDrive\Desktop\dbdb\libbtree\IndexNodeROpt.hpp(1237,36):
      the template instantiation context (the oldest one first) is
          C:\Users\Rajesh\OneDrive\Desktop\dbdb\libbtree\IndexNodeROpt.hpp(1222,14):
          while compiling class template member function 'void IndexNodeROpt<test_for_ints::KeyType,test_for_ints::ValueType,test_for_ints::ObjectUIDType,test_for_ints::DataNodeType,2>::mergeNodes(std::shared_ptr<test_for_ints::IndexNodeType>,KeyType &,int32_t &)'
          with
          [
              KeyType=test_for_ints::KeyType
          ]
              C:\Users\Rajesh\OneDrive\Desktop\dbdb\libbtree\IndexNodeROpt.hpp(741,26):
              see the first reference to 'IndexNodeROpt<test_for_ints::KeyType,test_for_ints::ValueType,test_for_ints::ObjectUIDType,test_for_ints::DataNodeType,2>::mergeNodes' in 'IndexNodeROpt<test_for_ints::KeyType,test_for_ints::ValueType,test_for_ints::ObjectUIDType,test_for_ints::DataNodeType,2>::rebalanceIndexNode'
              C:\Users\Rajesh\OneDrive\Desktop\dbdb\libbtree\BPlusStore.hpp(677,79):
              see the first reference to 'IndexNodeROpt<test_for_ints::KeyType,test_for_ints::ValueType,test_for_ints::ObjectUIDType,test_for_ints::DataNodeType,2>::rebalanceIndexNode' in 'BPlusStore<test_for_ints::ICallback,test_for_ints::KeyType,test_for_ints::ValueType,LRUCache<test_for_ints::ICallback,VolatileStorage<test_for_ints::ICallback,test_for_ints::ObjectUIDType,LRUCacheObject,TypeMarshaller,test_for_ints::DataNodeType,test_for_ints::IndexNodeType>>>::remove'
              C:\Users\Rajesh\OneDrive\Desktop\dbdb\sandbox\sandbox.cpp(1175,22):
              see the first reference to 'BPlusStore<test_for_ints::ICallback,test_for_ints::KeyType,test_for_ints::ValueType,LRUCache<test_for_ints::ICallback,VolatileStorage<test_for_ints::ICallback,test_for_ints::ObjectUIDType,LRUCacheObject,TypeMarshaller,test_for_ints::DataNodeType,test_for_ints::IndexNodeType>>>::remove' in 'main'
  
C:\Users\Rajesh\OneDrive\Desktop\dbdb\libbtree\IndexNodeROpt.hpp(1238,39): warning C4267: 'initializing': conversion from 'size_t' to 'uint32_t', possible loss of data
  (compiling source file 'sandbox.cpp')
  
C:\Users\Rajesh\OneDrive\Desktop\dbdb\libbtree\IndexNodeROpt.hpp(1263,47): warning C4267: '+=': conversion from 'size_t' to 'int32_t', possible loss of data
  (compiling source file 'sandbox.cpp')
  
C:\Users\Rajesh\OneDrive\Desktop\dbdb\libbtree\IndexNodeROpt.hpp(1269,49): warning C4267: '+=': conversion from 'size_t' to 'int32_t', possible loss of data
  (compiling source file 'sandbox.cpp')
  
C:\Users\Rajesh\OneDrive\Desktop\dbdb\libbtree\IndexNodeROpt.hpp(1159,36): warning C4267: 'initializing': conversion from 'size_t' to 'uint32_t', possible loss of data
  (compiling source file 'sandbox.cpp')
      C:\Users\Rajesh\OneDrive\Desktop\dbdb\libbtree\IndexNodeROpt.hpp(1159,36):
      the template instantiation context (the oldest one first) is
          C:\Users\Rajesh\OneDrive\Desktop\dbdb\libbtree\IndexNodeROpt.hpp(1135,14):
          while compiling class template member function 'void IndexNodeROpt<test_for_ints::KeyType,test_for_ints::ValueType,test_for_ints::ObjectUIDType,test_for_ints::DataNodeType,2>::moveAnEntityFromRHSSibling(std::shared_ptr<test_for_ints::IndexNodeType>,KeyType &,KeyType &,int32_t &)'
          with
          [
              KeyType=test_for_ints::KeyType
          ]
              C:\Users\Rajesh\OneDrive\Desktop\dbdb\libbtree\IndexNodeROpt.hpp(790,41):
              see the first reference to 'IndexNodeROpt<test_for_ints::KeyType,test_for_ints::ValueType,test_for_ints::ObjectUIDType,test_for_ints::DataNodeType,2>::moveAnEntityFromRHSSibling' in 'IndexNodeROpt<test_for_ints::KeyType,test_for_ints::ValueType,test_for_ints::ObjectUIDType,test_for_ints::DataNodeType,2>::rebalanceIndexNode'
              C:\Users\Rajesh\OneDrive\Desktop\dbdb\libbtree\BPlusStore.hpp(677,79):
              see the first reference to 'IndexNodeROpt<test_for_ints::KeyType,test_for_ints::ValueType,test_for_ints::ObjectUIDType,test_for_ints::DataNodeType,2>::rebalanceIndexNode' in 'BPlusStore<test_for_ints::ICallback,test_for_ints::KeyType,test_for_ints::ValueType,LRUCache<test_for_ints::ICallback,VolatileStorage<test_for_ints::ICallback,test_for_ints::ObjectUIDType,LRUCacheObject,TypeMarshaller,test_for_ints::DataNodeType,test_for_ints::IndexNodeType>>>::remove'
              C:\Users\Rajesh\OneDrive\Desktop\dbdb\sandbox\sandbox.cpp(1175,22):
              see the first reference to 'BPlusStore<test_for_ints::ICallback,test_for_ints::KeyType,test_for_ints::ValueType,LRUCache<test_for_ints::ICallback,VolatileStorage<test_for_ints::ICallback,test_for_ints::ObjectUIDType,LRUCacheObject,TypeMarshaller,test_for_ints::DataNodeType,test_for_ints::IndexNodeType>>>::remove' in 'main'
  
C:\Users\Rajesh\OneDrive\Desktop\dbdb\libbtree\IndexNodeROpt.hpp(1160,39): warning C4267: 'initializing': conversion from 'size_t' to 'uint32_t', possible loss of data
  (compiling source file 'sandbox.cpp')
  
C:\Users\Rajesh\OneDrive\Desktop\dbdb\libbtree\IndexNodeROpt.hpp(1162,39): warning C4267: 'initializing': conversion from 'size_t' to 'uint32_t', possible loss of data
  (compiling source file 'sandbox.cpp')
  
C:\Users\Rajesh\OneDrive\Desktop\dbdb\libbtree\IndexNodeROpt.hpp(1163,42): warning C4267: 'initializing': conversion from 'size_t' to 'uint32_t', possible loss of data
  (compiling source file 'sandbox.cpp')
  
C:\Users\Rajesh\OneDrive\Desktop\dbdb\libbtree\IndexNodeROpt.hpp(1188,47): warning C4267: '+=': conversion from 'size_t' to 'int32_t', possible loss of data
  (compiling source file 'sandbox.cpp')
  
C:\Users\Rajesh\OneDrive\Desktop\dbdb\libbtree\IndexNodeROpt.hpp(1194,49): warning C4267: '+=': conversion from 'size_t' to 'int32_t', possible loss of data
  (compiling source file 'sandbox.cpp')
  
C:\Users\Rajesh\OneDrive\Desktop\dbdb\libbtree\IndexNodeROpt.hpp(1200,62): warning C4267: '+=': conversion from 'size_t' to 'int32_t', possible loss of data
  (compiling source file 'sandbox.cpp')
  
C:\Users\Rajesh\OneDrive\Desktop\dbdb\libbtree\IndexNodeROpt.hpp(1206,64): warning C4267: '+=': conversion from 'size_t' to 'int32_t', possible loss of data
  (compiling source file 'sandbox.cpp')
  
C:\Users\Rajesh\OneDrive\Desktop\dbdb\libbtree\IndexNodeROpt.hpp(1072,36): warning C4267: 'initializing': conversion from 'size_t' to 'uint32_t', possible loss of data
  (compiling source file 'sandbox.cpp')
      C:\Users\Rajesh\OneDrive\Desktop\dbdb\libbtree\IndexNodeROpt.hpp(1072,36):
      the template instantiation context (the oldest one first) is
          C:\Users\Rajesh\OneDrive\Desktop\dbdb\libbtree\IndexNodeROpt.hpp(1048,14):
          while compiling class template member function 'void IndexNodeROpt<test_for_ints::KeyType,test_for_ints::ValueType,test_for_ints::ObjectUIDType,test_for_ints::DataNodeType,2>::moveAnEntityFromLHSSibling(std::shared_ptr<test_for_ints::IndexNodeType>,KeyType &,KeyType &,int32_t &)'
          with
          [
              KeyType=test_for_ints::KeyType
          ]
              C:\Users\Rajesh\OneDrive\Desktop\dbdb\libbtree\IndexNodeROpt.hpp(731,41):
              see the first reference to 'IndexNodeROpt<test_for_ints::KeyType,test_for_ints::ValueType,test_for_ints::ObjectUIDType,test_for_ints::DataNodeType,2>::moveAnEntityFromLHSSibling' in 'IndexNodeROpt<test_for_ints::KeyType,test_for_ints::ValueType,test_for_ints::ObjectUIDType,test_for_ints::DataNodeType,2>::rebalanceIndexNode'
              C:\Users\Rajesh\OneDrive\Desktop\dbdb\libbtree\BPlusStore.hpp(677,79):
              see the first reference to 'IndexNodeROpt<test_for_ints::KeyType,test_for_ints::ValueType,test_for_ints::ObjectUIDType,test_for_ints::DataNodeType,2>::rebalanceIndexNode' in 'BPlusStore<test_for_ints::ICallback,test_for_ints::KeyType,test_for_ints::ValueType,LRUCache<test_for_ints::ICallback,VolatileStorage<test_for_ints::ICallback,test_for_ints::ObjectUIDType,LRUCacheObject,TypeMarshaller,test_for_ints::DataNodeType,test_for_ints::IndexNodeType>>>::remove'
              C:\Users\Rajesh\OneDrive\Desktop\dbdb\sandbox\sandbox.cpp(1175,22):
              see the first reference to 'BPlusStore<test_for_ints::ICallback,test_for_ints::KeyType,test_for_ints::ValueType,LRUCache<test_for_ints::ICallback,VolatileStorage<test_for_ints::ICallback,test_for_ints::ObjectUIDType,LRUCacheObject,TypeMarshaller,test_for_ints::DataNodeType,test_for_ints::IndexNodeType>>>::remove' in 'main'
  
C:\Users\Rajesh\OneDrive\Desktop\dbdb\libbtree\IndexNodeROpt.hpp(1073,39): warning C4267: 'initializing': conversion from 'size_t' to 'uint32_t', possible loss of data
  (compiling source file 'sandbox.cpp')
  
C:\Users\Rajesh\OneDrive\Desktop\dbdb\libbtree\IndexNodeROpt.hpp(1075,39): warning C4267: 'initializing': conversion from 'size_t' to 'uint32_t', possible loss of data
  (compiling source file 'sandbox.cpp')
  
C:\Users\Rajesh\OneDrive\Desktop\dbdb\libbtree\IndexNodeROpt.hpp(1076,42): warning C4267: 'initializing': conversion from 'size_t' to 'uint32_t', possible loss of data
  (compiling source file 'sandbox.cpp')
  
C:\Users\Rajesh\OneDrive\Desktop\dbdb\libbtree\IndexNodeROpt.hpp(1101,47): warning C4267: '+=': conversion from 'size_t' to 'int32_t', possible loss of data
  (compiling source file 'sandbox.cpp')
  
C:\Users\Rajesh\OneDrive\Desktop\dbdb\libbtree\IndexNodeROpt.hpp(1107,49): warning C4267: '+=': conversion from 'size_t' to 'int32_t', possible loss of data
  (compiling source file 'sandbox.cpp')
  
C:\Users\Rajesh\OneDrive\Desktop\dbdb\libbtree\IndexNodeROpt.hpp(1113,62): warning C4267: '+=': conversion from 'size_t' to 'int32_t', possible loss of data
  (compiling source file 'sandbox.cpp')
  
C:\Users\Rajesh\OneDrive\Desktop\dbdb\libbtree\IndexNodeROpt.hpp(1119,64): warning C4267: '+=': conversion from 'size_t' to 'int32_t', possible loss of data
  (compiling source file 'sandbox.cpp')
  
C:\Users\Rajesh\OneDrive\Desktop\dbdb\libbtree\DataNodeROpt.hpp(847,34): warning C4267: 'initializing': conversion from 'size_t' to 'uint32_t', possible loss of data
  (compiling source file 'sandbox.cpp')
      C:\Users\Rajesh\OneDrive\Desktop\dbdb\libbtree\DataNodeROpt.hpp(847,34):
      the template instantiation context (the oldest one first) is
          C:\Users\Rajesh\OneDrive\Desktop\dbdb\libbtree\DataNodeROpt.hpp(823,14):
          while compiling class template member function 'void DataNodeROpt<test_for_ints::KeyType,test_for_ints::ValueType,test_for_ints::ObjectUIDType,1>::moveAnEntityFromRHSSibling(std::shared_ptr<test_for_ints::DataNodeType>,KeyType &,int32_t &)'
          with
          [
              KeyType=test_for_ints::KeyType
          ]
              C:\Users\Rajesh\OneDrive\Desktop\dbdb\libbtree\IndexNodeROpt.hpp(951,41):
              see the first reference to 'DataNodeROpt<test_for_ints::KeyType,test_for_ints::ValueType,test_for_ints::ObjectUIDType,1>::moveAnEntityFromRHSSibling' in 'IndexNodeROpt<test_for_ints::KeyType,test_for_ints::ValueType,test_for_ints::ObjectUIDType,test_for_ints::DataNodeType,2>::rebalanceDataNode'
              C:\Users\Rajesh\OneDrive\Desktop\dbdb\libbtree\BPlusStore.hpp(594,77):
              see the first reference to 'IndexNodeROpt<test_for_ints::KeyType,test_for_ints::ValueType,test_for_ints::ObjectUIDType,test_for_ints::DataNodeType,2>::rebalanceDataNode' in 'BPlusStore<test_for_ints::ICallback,test_for_ints::KeyType,test_for_ints::ValueType,LRUCache<test_for_ints::ICallback,VolatileStorage<test_for_ints::ICallback,test_for_ints::ObjectUIDType,LRUCacheObject,TypeMarshaller,test_for_ints::DataNodeType,test_for_ints::IndexNodeType>>>::remove'
              C:\Users\Rajesh\OneDrive\Desktop\dbdb\sandbox\sandbox.cpp(1175,22):
              see the first reference to 'BPlusStore<test_for_ints::ICallback,test_for_ints::KeyType,test_for_ints::ValueType,LRUCache<test_for_ints::ICallback,VolatileStorage<test_for_ints::ICallback,test_for_ints::ObjectUIDType,LRUCacheObject,TypeMarshaller,test_for_ints::DataNodeType,test_for_ints::IndexNodeType>>>::remove' in 'main'
  
C:\Users\Rajesh\OneDrive\Desktop\dbdb\libbtree\DataNodeROpt.hpp(848,36): warning C4267: 'initializing': conversion from 'size_t' to 'uint32_t', possible loss of data
  (compiling source file 'sandbox.cpp')
  
C:\Users\Rajesh\OneDrive\Desktop\dbdb\libbtree\DataNodeROpt.hpp(850,37): warning C4267: 'initializing': conversion from 'size_t' to 'uint32_t', possible loss of data
  (compiling source file 'sandbox.cpp')
  
C:\Users\Rajesh\OneDrive\Desktop\dbdb\libbtree\DataNodeROpt.hpp(851,39): warning C4267: 'initializing': conversion from 'size_t' to 'uint32_t', possible loss of data
  (compiling source file 'sandbox.cpp')
  
C:\Users\Rajesh\OneDrive\Desktop\dbdb\libbtree\DataNodeROpt.hpp(876,45): warning C4267: '+=': conversion from 'size_t' to 'int32_t', possible loss of data
  (compiling source file 'sandbox.cpp')
  
C:\Users\Rajesh\OneDrive\Desktop\dbdb\libbtree\DataNodeROpt.hpp(882,47): warning C4267: '+=': conversion from 'size_t' to 'int32_t', possible loss of data
  (compiling source file 'sandbox.cpp')
  
C:\Users\Rajesh\OneDrive\Desktop\dbdb\libbtree\DataNodeROpt.hpp(888,60): warning C4267: '+=': conversion from 'size_t' to 'int32_t', possible loss of data
  (compiling source file 'sandbox.cpp')
  
C:\Users\Rajesh\OneDrive\Desktop\dbdb\libbtree\DataNodeROpt.hpp(894,62): warning C4267: '+=': conversion from 'size_t' to 'int32_t', possible loss of data
  (compiling source file 'sandbox.cpp')
  
C:\Users\Rajesh\OneDrive\Desktop\dbdb\libbtree\DataNodeROpt.hpp(775,34): warning C4267: 'initializing': conversion from 'size_t' to 'uint32_t', possible loss of data
  (compiling source file 'sandbox.cpp')
      C:\Users\Rajesh\OneDrive\Desktop\dbdb\libbtree\DataNodeROpt.hpp(775,34):
      the template instantiation context (the oldest one first) is
          C:\Users\Rajesh\OneDrive\Desktop\dbdb\libbtree\DataNodeROpt.hpp(760,14):
          while compiling class template member function 'void DataNodeROpt<test_for_ints::KeyType,test_for_ints::ValueType,test_for_ints::ObjectUIDType,1>::mergeNode(std::shared_ptr<test_for_ints::DataNodeType>,int32_t &)'
              C:\Users\Rajesh\OneDrive\Desktop\dbdb\libbtree\IndexNodeROpt.hpp(902,25):
              see the first reference to 'DataNodeROpt<test_for_ints::KeyType,test_for_ints::ValueType,test_for_ints::ObjectUIDType,1>::mergeNode' in 'IndexNodeROpt<test_for_ints::KeyType,test_for_ints::ValueType,test_for_ints::ObjectUIDType,test_for_ints::DataNodeType,2>::rebalanceDataNode'
              C:\Users\Rajesh\OneDrive\Desktop\dbdb\libbtree\BPlusStore.hpp(594,77):
              see the first reference to 'IndexNodeROpt<test_for_ints::KeyType,test_for_ints::ValueType,test_for_ints::ObjectUIDType,test_for_ints::DataNodeType,2>::rebalanceDataNode' in 'BPlusStore<test_for_ints::ICallback,test_for_ints::KeyType,test_for_ints::ValueType,LRUCache<test_for_ints::ICallback,VolatileStorage<test_for_ints::ICallback,test_for_ints::ObjectUIDType,LRUCacheObject,TypeMarshaller,test_for_ints::DataNodeType,test_for_ints::IndexNodeType>>>::remove'
              C:\Users\Rajesh\OneDrive\Desktop\dbdb\sandbox\sandbox.cpp(1175,22):
              see the first reference to 'BPlusStore<test_for_ints::ICallback,test_for_ints::KeyType,test_for_ints::ValueType,LRUCache<test_for_ints::ICallback,VolatileStorage<test_for_ints::ICallback,test_for_ints::ObjectUIDType,LRUCacheObject,TypeMarshaller,test_for_ints::DataNodeType,test_for_ints::IndexNodeType>>>::remove' in 'main'
  
C:\Users\Rajesh\OneDrive\Desktop\dbdb\libbtree\DataNodeROpt.hpp(776,36): warning C4267: 'initializing': conversion from 'size_t' to 'uint32_t', possible loss of data
  (compiling source file 'sandbox.cpp')
  
C:\Users\Rajesh\OneDrive\Desktop\dbdb\libbtree\DataNodeROpt.hpp(799,45): warning C4267: '+=': conversion from 'size_t' to 'int32_t', possible loss of data
  (compiling source file 'sandbox.cpp')
  
C:\Users\Rajesh\OneDrive\Desktop\dbdb\libbtree\DataNodeROpt.hpp(805,47): warning C4267: '+=': conversion from 'size_t' to 'int32_t', possible loss of data
  (compiling source file 'sandbox.cpp')
  
C:\Users\Rajesh\OneDrive\Desktop\dbdb\libbtree\DataNodeROpt.hpp(696,34): warning C4267: 'initializing': conversion from 'size_t' to 'uint32_t', possible loss of data
  (compiling source file 'sandbox.cpp')
      C:\Users\Rajesh\OneDrive\Desktop\dbdb\libbtree\DataNodeROpt.hpp(696,34):
      the template instantiation context (the oldest one first) is
          C:\Users\Rajesh\OneDrive\Desktop\dbdb\libbtree\DataNodeROpt.hpp(672,14):
          while compiling class template member function 'void DataNodeROpt<test_for_ints::KeyType,test_for_ints::ValueType,test_for_ints::ObjectUIDType,1>::moveAnEntityFromLHSSibling(std::shared_ptr<test_for_ints::DataNodeType>,KeyType &,int32_t &)'
          with
          [
              KeyType=test_for_ints::KeyType
          ]
              C:\Users\Rajesh\OneDrive\Desktop\dbdb\libbtree\IndexNodeROpt.hpp(891,41):
              see the first reference to 'DataNodeROpt<test_for_ints::KeyType,test_for_ints::ValueType,test_for_ints::ObjectUIDType,1>::moveAnEntityFromLHSSibling' in 'IndexNodeROpt<test_for_ints::KeyType,test_for_ints::ValueType,test_for_ints::ObjectUIDType,test_for_ints::DataNodeType,2>::rebalanceDataNode'
              C:\Users\Rajesh\OneDrive\Desktop\dbdb\libbtree\BPlusStore.hpp(594,77):
              see the first reference to 'IndexNodeROpt<test_for_ints::KeyType,test_for_ints::ValueType,test_for_ints::ObjectUIDType,test_for_ints::DataNodeType,2>::rebalanceDataNode' in 'BPlusStore<test_for_ints::ICallback,test_for_ints::KeyType,test_for_ints::ValueType,LRUCache<test_for_ints::ICallback,VolatileStorage<test_for_ints::ICallback,test_for_ints::ObjectUIDType,LRUCacheObject,TypeMarshaller,test_for_ints::DataNodeType,test_for_ints::IndexNodeType>>>::remove'
              C:\Users\Rajesh\OneDrive\Desktop\dbdb\sandbox\sandbox.cpp(1175,22):
              see the first reference to 'BPlusStore<test_for_ints::ICallback,test_for_ints::KeyType,test_for_ints::ValueType,LRUCache<test_for_ints::ICallback,VolatileStorage<test_for_ints::ICallback,test_for_ints::ObjectUIDType,LRUCacheObject,TypeMarshaller,test_for_ints::DataNodeType,test_for_ints::IndexNodeType>>>::remove' in 'main'
  
C:\Users\Rajesh\OneDrive\Desktop\dbdb\libbtree\DataNodeROpt.hpp(697,36): warning C4267: 'initializing': conversion from 'size_t' to 'uint32_t', possible loss of data
  (compiling source file 'sandbox.cpp')
  
C:\Users\Rajesh\OneDrive\Desktop\dbdb\libbtree\DataNodeROpt.hpp(699,37): warning C4267: 'initializing': conversion from 'size_t' to 'uint32_t', possible loss of data
  (compiling source file 'sandbox.cpp')
  
C:\Users\Rajesh\OneDrive\Desktop\dbdb\libbtree\DataNodeROpt.hpp(700,39): warning C4267: 'initializing': conversion from 'size_t' to 'uint32_t', possible loss of data
  (compiling source file 'sandbox.cpp')
  
C:\Users\Rajesh\OneDrive\Desktop\dbdb\libbtree\DataNodeROpt.hpp(725,45): warning C4267: '+=': conversion from 'size_t' to 'int32_t', possible loss of data
  (compiling source file 'sandbox.cpp')
  
C:\Users\Rajesh\OneDrive\Desktop\dbdb\libbtree\DataNodeROpt.hpp(731,47): warning C4267: '+=': conversion from 'size_t' to 'int32_t', possible loss of data
  (compiling source file 'sandbox.cpp')
  
C:\Users\Rajesh\OneDrive\Desktop\dbdb\libbtree\DataNodeROpt.hpp(737,60): warning C4267: '+=': conversion from 'size_t' to 'int32_t', possible loss of data
  (compiling source file 'sandbox.cpp')
  
C:\Users\Rajesh\OneDrive\Desktop\dbdb\libbtree\DataNodeROpt.hpp(743,62): warning C4267: '+=': conversion from 'size_t' to 'int32_t', possible loss of data
  (compiling source file 'sandbox.cpp')
  
C:\Users\Rajesh\OneDrive\Desktop\dbdb\libbtree\DataNodeROpt.hpp(233,27): warning C4267: 'initializing': conversion from 'size_t' to 'uint16_t', possible loss of data
  (compiling source file 'sandbox.cpp')
      C:\Users\Rajesh\OneDrive\Desktop\dbdb\libbtree\DataNodeROpt.hpp(233,27):
      the template instantiation context (the oldest one first) is
          C:\Users\Rajesh\OneDrive\Desktop\dbdb\libbtree\DataNodeROpt.hpp(222,14):
          while compiling class template member function 'void DataNodeROpt<test_for_ints::KeyType,test_for_ints::ValueType,test_for_ints::ObjectUIDType,1>::serialize(char *&,uint8_t &,uint32_t &) const'
              C:\Users\Rajesh\OneDrive\Desktop\dbdb\libbtree\TypeMarshaller.hpp(22,20):
              see the first reference to 'DataNodeROpt<test_for_ints::KeyType,test_for_ints::ValueType,test_for_ints::ObjectUIDType,1>::serialize' in 'TypeMarshaller::serialize::<lambda_1>::operator ()'
  
C:\Users\Rajesh\OneDrive\Desktop\dbdb\libbtree\IndexNode.hpp(395,36): warning C4267: 'initializing': conversion from 'size_t' to 'uint32_t', possible loss of data
  (compiling source file 'sandbox.cpp')
      C:\Users\Rajesh\OneDrive\Desktop\dbdb\libbtree\IndexNode.hpp(395,36):
      the template instantiation context (the oldest one first) is
          C:\Users\Rajesh\OneDrive\Desktop\dbdb\sandbox\sandbox.cpp(560,39):
          see reference to class template instantiation 'IndexNode<test_for_ints::KeyType,test_for_ints::ValueType,test_for_ints::ObjectUIDType,test_for_ints::DataNodeType,2>' being compiled
          C:\Users\Rajesh\OneDrive\Desktop\dbdb\libbtree\IndexNode.hpp(389,19):
          while compiling class template member function 'ErrorCode IndexNode<test_for_ints::KeyType,test_for_ints::ValueType,test_for_ints::ObjectUIDType,test_for_ints::DataNodeType,2>::insert(const KeyType &,const ObjectUIDType &,int32_t &)'
          with
          [
              KeyType=test_for_ints::KeyType,
              ObjectUIDType=test_for_ints::ObjectUIDType
          ]
              C:\Users\Rajesh\OneDrive\Desktop\dbdb\libbtree\BPlusStore.hpp(249,13):
              see the first reference to 'IndexNode<test_for_ints::KeyType,test_for_ints::ValueType,test_for_ints::ObjectUIDType,test_for_ints::DataNodeType,2>::insert' in 'BPlusStore<test_for_ints::ICallback,test_for_ints::KeyType,test_for_ints::ValueType,LRUCache<test_for_ints::ICallback,FileStorage<test_for_ints::ICallback,test_for_ints::ObjectUIDType,LRUCacheObject,TypeMarshaller,test_for_ints::DataNodeType,test_for_ints::IndexNodeType>>>::insert'
              C:\Users\Rajesh\OneDrive\Desktop\dbdb\sandbox\sandbox.cpp(319,28):
              see the first reference to 'BPlusStore<test_for_ints::ICallback,test_for_ints::KeyType,test_for_ints::ValueType,LRUCache<test_for_ints::ICallback,FileStorage<test_for_ints::ICallback,test_for_ints::ObjectUIDType,LRUCacheObject,TypeMarshaller,test_for_ints::DataNodeType,test_for_ints::IndexNodeType>>>::insert' in 'int_test'
  
C:\Users\Rajesh\OneDrive\Desktop\dbdb\libbtree\IndexNode.hpp(396,39): warning C4267: 'initializing': conversion from 'size_t' to 'uint32_t', possible loss of data
  (compiling source file 'sandbox.cpp')
  
C:\Users\Rajesh\OneDrive\Desktop\dbdb\libbtree\IndexNode.hpp(414,47): warning C4267: '+=': conversion from 'size_t' to 'int32_t', possible loss of data
  (compiling source file 'sandbox.cpp')
  
C:\Users\Rajesh\OneDrive\Desktop\dbdb\libbtree\IndexNode.hpp(420,49): warning C4267: '+=': conversion from 'size_t' to 'int32_t', possible loss of data
  (compiling source file 'sandbox.cpp')
  
C:\Users\Rajesh\OneDrive\Desktop\dbdb\libbtree\DataNode.hpp(359,34): warning C4267: 'initializing': conversion from 'size_t' to 'uint32_t', possible loss of data
  (compiling source file 'sandbox.cpp')
      C:\Users\Rajesh\OneDrive\Desktop\dbdb\libbtree\DataNode.hpp(359,34):
      the template instantiation context (the oldest one first) is
          C:\Users\Rajesh\OneDrive\Desktop\dbdb\sandbox\sandbox.cpp(560,39):
          see reference to class template instantiation 'DataNode<test_for_ints::KeyType,test_for_ints::ValueType,test_for_ints::ObjectUIDType,1>' being compiled
          C:\Users\Rajesh\OneDrive\Desktop\dbdb\libbtree\DataNode.hpp(353,19):
          while compiling class template member function 'ErrorCode DataNode<test_for_ints::KeyType,test_for_ints::ValueType,test_for_ints::ObjectUIDType,1>::insert(const KeyType &,const ValueType &,int32_t &)'
          with
          [
              KeyType=test_for_ints::KeyType,
              ValueType=test_for_ints::ValueType
          ]
              C:\Users\Rajesh\OneDrive\Desktop\dbdb\libbtree\BPlusStore.hpp(171,17):
              see the first reference to 'DataNode<test_for_ints::KeyType,test_for_ints::ValueType,test_for_ints::ObjectUIDType,1>::insert' in 'BPlusStore<test_for_ints::ICallback,test_for_ints::KeyType,test_for_ints::ValueType,LRUCache<test_for_ints::ICallback,FileStorage<test_for_ints::ICallback,test_for_ints::ObjectUIDType,LRUCacheObject,TypeMarshaller,test_for_ints::DataNodeType,test_for_ints::IndexNodeType>>>::insert'
              C:\Users\Rajesh\OneDrive\Desktop\dbdb\sandbox\sandbox.cpp(319,28):
              see the first reference to 'BPlusStore<test_for_ints::ICallback,test_for_ints::KeyType,test_for_ints::ValueType,LRUCache<test_for_ints::ICallback,FileStorage<test_for_ints::ICallback,test_for_ints::ObjectUIDType,LRUCacheObject,TypeMarshaller,test_for_ints::DataNodeType,test_for_ints::IndexNodeType>>>::insert' in 'int_test'
  
C:\Users\Rajesh\OneDrive\Desktop\dbdb\libbtree\DataNode.hpp(360,36): warning C4267: 'initializing': conversion from 'size_t' to 'uint32_t', possible loss of data
  (compiling source file 'sandbox.cpp')
  
C:\Users\Rajesh\OneDrive\Desktop\dbdb\libbtree\DataNode.hpp(385,45): warning C4267: '+=': conversion from 'size_t' to 'int32_t', possible loss of data
  (compiling source file 'sandbox.cpp')
  
C:\Users\Rajesh\OneDrive\Desktop\dbdb\libbtree\DataNode.hpp(391,47): warning C4267: '+=': conversion from 'size_t' to 'int32_t', possible loss of data
  (compiling source file 'sandbox.cpp')
  
C:\Users\Rajesh\OneDrive\Desktop\dbdb\libbtree\DataNode.hpp(309,35): warning C4267: 'initializing': conversion from 'size_t' to 'uint32_t', possible loss of data
  (compiling source file 'sandbox.cpp')
      C:\Users\Rajesh\OneDrive\Desktop\dbdb\libbtree\DataNode.hpp(309,35):
      the template instantiation context (the oldest one first) is
          C:\Users\Rajesh\OneDrive\Desktop\dbdb\libbtree\DataNode.hpp(299,19):
          while compiling class template member function 'ErrorCode DataNode<test_for_ints::KeyType,test_for_ints::ValueType,test_for_ints::ObjectUIDType,1>::remove(const KeyType &,int32_t &)'
          with
          [
              KeyType=test_for_ints::KeyType
          ]
              C:\Users\Rajesh\OneDrive\Desktop\dbdb\libbtree\BPlusStore.hpp(563,17):
              see the first reference to 'DataNode<test_for_ints::KeyType,test_for_ints::ValueType,test_for_ints::ObjectUIDType,1>::remove' in 'BPlusStore<test_for_ints::ICallback,test_for_ints::KeyType,test_for_ints::ValueType,LRUCache<test_for_ints::ICallback,FileStorage<test_for_ints::ICallback,test_for_ints::ObjectUIDType,LRUCacheObject,TypeMarshaller,test_for_ints::DataNodeType,test_for_ints::IndexNodeType>>>::remove'
              C:\Users\Rajesh\OneDrive\Desktop\dbdb\sandbox\sandbox.cpp(338,28):
              see the first reference to 'BPlusStore<test_for_ints::ICallback,test_for_ints::KeyType,test_for_ints::ValueType,LRUCache<test_for_ints::ICallback,FileStorage<test_for_ints::ICallback,test_for_ints::ObjectUIDType,LRUCacheObject,TypeMarshaller,test_for_ints::DataNodeType,test_for_ints::IndexNodeType>>>::remove' in 'int_test'
  
C:\Users\Rajesh\OneDrive\Desktop\dbdb\libbtree\DataNode.hpp(310,37): warning C4267: 'initializing': conversion from 'size_t' to 'uint32_t', possible loss of data
  (compiling source file 'sandbox.cpp')
  
C:\Users\Rajesh\OneDrive\Desktop\dbdb\libbtree\DataNode.hpp(313,14): warning C4244: 'initializing': conversion from '__int64' to 'int', possible loss of data
  (compiling source file 'sandbox.cpp')
  
C:\Users\Rajesh\OneDrive\Desktop\dbdb\libbtree\DataNode.hpp(326,46): warning C4267: '+=': conversion from 'size_t' to 'int32_t', possible loss of data
  (compiling source file 'sandbox.cpp')
  
C:\Users\Rajesh\OneDrive\Desktop\dbdb\libbtree\DataNode.hpp(332,48): warning C4267: '+=': conversion from 'size_t' to 'int32_t', possible loss of data
  (compiling source file 'sandbox.cpp')
  
C:\Users\Rajesh\OneDrive\Desktop\dbdb\sandbox\sandbox.cpp(94,40): warning C4267: 'argument': conversion from 'size_t' to 'const KeyType', possible loss of data
C:\Users\Rajesh\OneDrive\Desktop\dbdb\sandbox\sandbox.cpp(94,40): warning C4267:         with
C:\Users\Rajesh\OneDrive\Desktop\dbdb\sandbox\sandbox.cpp(94,40): warning C4267:         [
C:\Users\Rajesh\OneDrive\Desktop\dbdb\sandbox\sandbox.cpp(94,40): warning C4267:             KeyType=test_for_ints::KeyType
C:\Users\Rajesh\OneDrive\Desktop\dbdb\sandbox\sandbox.cpp(94,40): warning C4267:         ]
      C:\Users\Rajesh\OneDrive\Desktop\dbdb\sandbox\sandbox.cpp(94,40):
      the template instantiation context (the oldest one first) is
          C:\Users\Rajesh\OneDrive\Desktop\dbdb\sandbox\sandbox.cpp(723,13):
          see reference to function template instantiation 'void threaded_test<test_for_threaded::BPlusStoreType>(BPlusStoreType *,int,int,int)' being compiled
          with
          [
              BPlusStoreType=test_for_threaded::BPlusStoreType
          ]
          C:\Users\Rajesh\OneDrive\Desktop\dbdb\sandbox\sandbox.cpp(183,45):
          see reference to function template instantiation 'void search_not_found_concurent<test_for_threaded::BPlusStoreType>(BPlusStoreType *,int,int)' being compiled
          with
          [
              BPlusStoreType=test_for_threaded::BPlusStoreType
          ]
  
C:\Users\Rajesh\OneDrive\Desktop\dbdb\libbtree\DataNode.hpp(417,34): warning C4267: 'initializing': conversion from 'size_t' to 'uint32_t', possible loss of data
  (compiling source file 'sandbox.cpp')
      C:\Users\Rajesh\OneDrive\Desktop\dbdb\libbtree\DataNode.hpp(417,34):
      the template instantiation context (the oldest one first) is
          C:\Users\Rajesh\OneDrive\Desktop\dbdb\sandbox\sandbox.cpp(574,28):
          see reference to class template instantiation 'BPlusStore<test_for_ints::ICallback,test_for_ints::KeyType,test_for_ints::ValueType,LRUCache<test_for_ints::ICallback,FileStorage<test_for_ints::ICallback,test_for_ints::ObjectUIDType,LRUCacheObject,TypeMarshaller,test_for_ints::DataNodeType,test_for_ints::IndexNodeType>>>' being compiled
          C:\Users\Rajesh\OneDrive\Desktop\dbdb\libbtree\BPlusStore.hpp(75,15):
          while compiling class template member function 'ErrorCode BPlusStore<test_for_ints::ICallback,test_for_ints::KeyType,test_for_ints::ValueType,LRUCache<test_for_ints::ICallback,FileStorage<test_for_ints::ICallback,test_for_ints::ObjectUIDType,LRUCacheObject,TypeMarshaller,test_for_ints::DataNodeType,test_for_ints::IndexNodeType>>>::insert(const KeyType &,const ValueType &,bool)'
          with
          [
              KeyType=test_for_ints::KeyType,
              ValueType=test_for_ints::ValueType
          ]
              C:\Users\Rajesh\OneDrive\Desktop\dbdb\sandbox\sandbox.cpp(319,28):
              see the first reference to 'BPlusStore<test_for_ints::ICallback,test_for_ints::KeyType,test_for_ints::ValueType,LRUCache<test_for_ints::ICallback,FileStorage<test_for_ints::ICallback,test_for_ints::ObjectUIDType,LRUCacheObject,TypeMarshaller,test_for_ints::DataNodeType,test_for_ints::IndexNodeType>>>::insert' in 'int_test'
          C:\Users\Rajesh\OneDrive\Desktop\dbdb\libbtree\BPlusStore.hpp(196,63):
          see reference to function template instantiation 'ErrorCode DataNode<test_for_ints::KeyType,test_for_ints::ValueType,test_for_ints::ObjectUIDType,1>::split<CacheType,std::shared_ptr<ObjectType>>(std::shared_ptr<CacheType> &,std::optional<ObjectUIDType> &,CacheObjectTypePtr &,KeyType &,int32_t &)' being compiled
          with
          [
              CacheType=LRUCache<test_for_ints::ICallback,FileStorage<test_for_ints::ICallback,test_for_ints::ObjectUIDType,LRUCacheObject,TypeMarshaller,test_for_ints::DataNodeType,test_for_ints::IndexNodeType>>,
              ObjectType=test_for_ints::ObjectType,
              ObjectUIDType=test_for_ints::ObjectUIDType,
              CacheObjectTypePtr=std::shared_ptr<test_for_ints::ObjectType>,
              KeyType=test_for_ints::KeyType
          ]
  
C:\Users\Rajesh\OneDrive\Desktop\dbdb\libbtree\DataNode.hpp(418,36): warning C4267: 'initializing': conversion from 'size_t' to 'uint32_t', possible loss of data
  (compiling source file 'sandbox.cpp')
  
C:\Users\Rajesh\OneDrive\Desktop\dbdb\libbtree\DataNode.hpp(448,45): warning C4267: '+=': conversion from 'size_t' to 'int32_t', possible loss of data
  (compiling source file 'sandbox.cpp')
  
C:\Users\Rajesh\OneDrive\Desktop\dbdb\libbtree\DataNode.hpp(454,47): warning C4267: '+=': conversion from 'size_t' to 'int32_t', possible loss of data
  (compiling source file 'sandbox.cpp')
  
C:\Users\Rajesh\OneDrive\Desktop\dbdb\libbtree\IndexNode.hpp(747,36): warning C4267: 'initializing': conversion from 'size_t' to 'uint32_t', possible loss of data
  (compiling source file 'sandbox.cpp')
      C:\Users\Rajesh\OneDrive\Desktop\dbdb\libbtree\IndexNode.hpp(747,36):
      the template instantiation context (the oldest one first) is
          C:\Users\Rajesh\OneDrive\Desktop\dbdb\libbtree\BPlusStore.hpp(269,60):
          see reference to function template instantiation 'ErrorCode IndexNode<test_for_ints::KeyType,test_for_ints::ValueType,test_for_ints::ObjectUIDType,test_for_ints::DataNodeType,2>::split<CacheType,std::shared_ptr<ObjectType>>(std::shared_ptr<CacheType>,std::optional<ObjectUIDType> &,CacheObjectTypePtr &,KeyType &,int32_t &)' being compiled
          with
          [
              CacheType=LRUCache<test_for_ints::ICallback,FileStorage<test_for_ints::ICallback,test_for_ints::ObjectUIDType,LRUCacheObject,TypeMarshaller,test_for_ints::DataNodeType,test_for_ints::IndexNodeType>>,
              ObjectType=test_for_ints::ObjectType,
              ObjectUIDType=test_for_ints::ObjectUIDType,
              CacheObjectTypePtr=std::shared_ptr<test_for_ints::ObjectType>,
              KeyType=test_for_ints::KeyType
          ]
  
C:\Users\Rajesh\OneDrive\Desktop\dbdb\libbtree\IndexNode.hpp(748,39): warning C4267: 'initializing': conversion from 'size_t' to 'uint32_t', possible loss of data
  (compiling source file 'sandbox.cpp')
  
C:\Users\Rajesh\OneDrive\Desktop\dbdb\libbtree\IndexNode.hpp(776,47): warning C4267: '+=': conversion from 'size_t' to 'int32_t', possible loss of data
  (compiling source file 'sandbox.cpp')
  
C:\Users\Rajesh\OneDrive\Desktop\dbdb\libbtree\IndexNode.hpp(782,49): warning C4267: '+=': conversion from 'size_t' to 'int32_t', possible loss of data
  (compiling source file 'sandbox.cpp')
  
C:\Users\Rajesh\OneDrive\Desktop\dbdb\libbtree\IndexNodeROpt.hpp(282,25): warning C4267: 'initializing': conversion from 'size_t' to 'uint16_t', possible loss of data
  (compiling source file 'sandbox.cpp')
      C:\Users\Rajesh\OneDrive\Desktop\dbdb\libbtree\IndexNodeROpt.hpp(282,25):
      the template instantiation context (the oldest one first) is
          C:\Users\Rajesh\OneDrive\Desktop\dbdb\libbtree\IndexNodeROpt.hpp(271,14):
          while compiling class template member function 'void IndexNodeROpt<test_for_ints::KeyType,test_for_ints::ValueType,test_for_ints::ObjectUIDType,test_for_ints::DataNodeType,2>::serialize(char *&,uint8_t &,uint32_t &) const'
              C:\Users\Rajesh\OneDrive\Desktop\dbdb\libbtree\TypeMarshaller.hpp(22,20):
              see the first reference to 'IndexNodeROpt<test_for_ints::KeyType,test_for_ints::ValueType,test_for_ints::ObjectUIDType,test_for_ints::DataNodeType,2>::serialize' in 'TypeMarshaller::serialize::<lambda_1>::operator ()'
  
C:\Users\Rajesh\OneDrive\Desktop\dbdb\libbtree\IndexNode.hpp(944,36): warning C4267: 'initializing': conversion from 'size_t' to 'uint32_t', possible loss of data
  (compiling source file 'sandbox.cpp')
      C:\Users\Rajesh\OneDrive\Desktop\dbdb\libbtree\IndexNode.hpp(944,36):
      the template instantiation context (the oldest one first) is
          C:\Users\Rajesh\OneDrive\Desktop\dbdb\libbtree\IndexNode.hpp(938,14):
          while compiling class template member function 'void IndexNode<test_for_ints::KeyType,test_for_ints::ValueType,test_for_ints::ObjectUIDType,test_for_ints::DataNodeType,2>::mergeNodes(std::shared_ptr<test_for_ints::IndexNodeType>,KeyType &,int32_t &)'
          with
          [
              KeyType=test_for_ints::KeyType
          ]
              C:\Users\Rajesh\OneDrive\Desktop\dbdb\libbtree\IndexNode.hpp(510,26):
              see the first reference to 'IndexNode<test_for_ints::KeyType,test_for_ints::ValueType,test_for_ints::ObjectUIDType,test_for_ints::DataNodeType,2>::mergeNodes' in 'IndexNode<test_for_ints::KeyType,test_for_ints::ValueType,test_for_ints::ObjectUIDType,test_for_ints::DataNodeType,2>::rebalanceIndexNode'
              C:\Users\Rajesh\OneDrive\Desktop\dbdb\libbtree\BPlusStore.hpp(677,79):
              see the first reference to 'IndexNode<test_for_ints::KeyType,test_for_ints::ValueType,test_for_ints::ObjectUIDType,test_for_ints::DataNodeType,2>::rebalanceIndexNode' in 'BPlusStore<test_for_ints::ICallback,test_for_ints::KeyType,test_for_ints::ValueType,LRUCache<test_for_ints::ICallback,FileStorage<test_for_ints::ICallback,test_for_ints::ObjectUIDType,LRUCacheObject,TypeMarshaller,test_for_ints::DataNodeType,test_for_ints::IndexNodeType>>>::remove'
              C:\Users\Rajesh\OneDrive\Desktop\dbdb\sandbox\sandbox.cpp(338,28):
              see the first reference to 'BPlusStore<test_for_ints::ICallback,test_for_ints::KeyType,test_for_ints::ValueType,LRUCache<test_for_ints::ICallback,FileStorage<test_for_ints::ICallback,test_for_ints::ObjectUIDType,LRUCacheObject,TypeMarshaller,test_for_ints::DataNodeType,test_for_ints::IndexNodeType>>>::remove' in 'int_test'
  
C:\Users\Rajesh\OneDrive\Desktop\dbdb\libbtree\IndexNode.hpp(945,39): warning C4267: 'initializing': conversion from 'size_t' to 'uint32_t', possible loss of data
  (compiling source file 'sandbox.cpp')
  
C:\Users\Rajesh\OneDrive\Desktop\dbdb\libbtree\IndexNode.hpp(961,47): warning C4267: '+=': conversion from 'size_t' to 'int32_t', possible loss of data
  (compiling source file 'sandbox.cpp')
  
C:\Users\Rajesh\OneDrive\Desktop\dbdb\libbtree\IndexNode.hpp(967,49): warning C4267: '+=': conversion from 'size_t' to 'int32_t', possible loss of data
  (compiling source file 'sandbox.cpp')
  
C:\Users\Rajesh\OneDrive\Desktop\dbdb\libbtree\IndexNode.hpp(875,36): warning C4267: 'initializing': conversion from 'size_t' to 'uint32_t', possible loss of data
  (compiling source file 'sandbox.cpp')
      C:\Users\Rajesh\OneDrive\Desktop\dbdb\libbtree\IndexNode.hpp(875,36):
      the template instantiation context (the oldest one first) is
          C:\Users\Rajesh\OneDrive\Desktop\dbdb\libbtree\IndexNode.hpp(869,14):
          while compiling class template member function 'void IndexNode<test_for_ints::KeyType,test_for_ints::ValueType,test_for_ints::ObjectUIDType,test_for_ints::DataNodeType,2>::moveAnEntityFromRHSSibling(std::shared_ptr<test_for_ints::IndexNodeType>,KeyType &,KeyType &,int32_t &)'
          with
          [
              KeyType=test_for_ints::KeyType
          ]
              C:\Users\Rajesh\OneDrive\Desktop\dbdb\libbtree\IndexNode.hpp(559,41):
              see the first reference to 'IndexNode<test_for_ints::KeyType,test_for_ints::ValueType,test_for_ints::ObjectUIDType,test_for_ints::DataNodeType,2>::moveAnEntityFromRHSSibling' in 'IndexNode<test_for_ints::KeyType,test_for_ints::ValueType,test_for_ints::ObjectUIDType,test_for_ints::DataNodeType,2>::rebalanceIndexNode'
              C:\Users\Rajesh\OneDrive\Desktop\dbdb\libbtree\BPlusStore.hpp(677,79):
              see the first reference to 'IndexNode<test_for_ints::KeyType,test_for_ints::ValueType,test_for_ints::ObjectUIDType,test_for_ints::DataNodeType,2>::rebalanceIndexNode' in 'BPlusStore<test_for_ints::ICallback,test_for_ints::KeyType,test_for_ints::ValueType,LRUCache<test_for_ints::ICallback,FileStorage<test_for_ints::ICallback,test_for_ints::ObjectUIDType,LRUCacheObject,TypeMarshaller,test_for_ints::DataNodeType,test_for_ints::IndexNodeType>>>::remove'
              C:\Users\Rajesh\OneDrive\Desktop\dbdb\sandbox\sandbox.cpp(338,28):
              see the first reference to 'BPlusStore<test_for_ints::ICallback,test_for_ints::KeyType,test_for_ints::ValueType,LRUCache<test_for_ints::ICallback,FileStorage<test_for_ints::ICallback,test_for_ints::ObjectUIDType,LRUCacheObject,TypeMarshaller,test_for_ints::DataNodeType,test_for_ints::IndexNodeType>>>::remove' in 'int_test'
  
C:\Users\Rajesh\OneDrive\Desktop\dbdb\libbtree\IndexNode.hpp(876,39): warning C4267: 'initializing': conversion from 'size_t' to 'uint32_t', possible loss of data
  (compiling source file 'sandbox.cpp')
  
C:\Users\Rajesh\OneDrive\Desktop\dbdb\libbtree\IndexNode.hpp(878,39): warning C4267: 'initializing': conversion from 'size_t' to 'uint32_t', possible loss of data
  (compiling source file 'sandbox.cpp')
  
C:\Users\Rajesh\OneDrive\Desktop\dbdb\libbtree\IndexNode.hpp(879,42): warning C4267: 'initializing': conversion from 'size_t' to 'uint32_t', possible loss of data
  (compiling source file 'sandbox.cpp')
  
C:\Users\Rajesh\OneDrive\Desktop\dbdb\libbtree\IndexNode.hpp(904,47): warning C4267: '+=': conversion from 'size_t' to 'int32_t', possible loss of data
  (compiling source file 'sandbox.cpp')
  
C:\Users\Rajesh\OneDrive\Desktop\dbdb\libbtree\IndexNode.hpp(910,49): warning C4267: '+=': conversion from 'size_t' to 'int32_t', possible loss of data
  (compiling source file 'sandbox.cpp')
  
C:\Users\Rajesh\OneDrive\Desktop\dbdb\libbtree\IndexNode.hpp(916,62): warning C4267: '+=': conversion from 'size_t' to 'int32_t', possible loss of data
  (compiling source file 'sandbox.cpp')
  
C:\Users\Rajesh\OneDrive\Desktop\dbdb\libbtree\IndexNode.hpp(922,64): warning C4267: '+=': conversion from 'size_t' to 'int32_t', possible loss of data
  (compiling source file 'sandbox.cpp')
  
C:\Users\Rajesh\OneDrive\Desktop\dbdb\libbtree\IndexNode.hpp(806,36): warning C4267: 'initializing': conversion from 'size_t' to 'uint32_t', possible loss of data
  (compiling source file 'sandbox.cpp')
      C:\Users\Rajesh\OneDrive\Desktop\dbdb\libbtree\IndexNode.hpp(806,36):
      the template instantiation context (the oldest one first) is
          C:\Users\Rajesh\OneDrive\Desktop\dbdb\libbtree\IndexNode.hpp(800,14):
          while compiling class template member function 'void IndexNode<test_for_ints::KeyType,test_for_ints::ValueType,test_for_ints::ObjectUIDType,test_for_ints::DataNodeType,2>::moveAnEntityFromLHSSibling(std::shared_ptr<test_for_ints::IndexNodeType>,KeyType &,KeyType &,int32_t &)'
          with
          [
              KeyType=test_for_ints::KeyType
          ]
              C:\Users\Rajesh\OneDrive\Desktop\dbdb\libbtree\IndexNode.hpp(500,41):
              see the first reference to 'IndexNode<test_for_ints::KeyType,test_for_ints::ValueType,test_for_ints::ObjectUIDType,test_for_ints::DataNodeType,2>::moveAnEntityFromLHSSibling' in 'IndexNode<test_for_ints::KeyType,test_for_ints::ValueType,test_for_ints::ObjectUIDType,test_for_ints::DataNodeType,2>::rebalanceIndexNode'
              C:\Users\Rajesh\OneDrive\Desktop\dbdb\libbtree\BPlusStore.hpp(677,79):
              see the first reference to 'IndexNode<test_for_ints::KeyType,test_for_ints::ValueType,test_for_ints::ObjectUIDType,test_for_ints::DataNodeType,2>::rebalanceIndexNode' in 'BPlusStore<test_for_ints::ICallback,test_for_ints::KeyType,test_for_ints::ValueType,LRUCache<test_for_ints::ICallback,FileStorage<test_for_ints::ICallback,test_for_ints::ObjectUIDType,LRUCacheObject,TypeMarshaller,test_for_ints::DataNodeType,test_for_ints::IndexNodeType>>>::remove'
              C:\Users\Rajesh\OneDrive\Desktop\dbdb\sandbox\sandbox.cpp(338,28):
              see the first reference to 'BPlusStore<test_for_ints::ICallback,test_for_ints::KeyType,test_for_ints::ValueType,LRUCache<test_for_ints::ICallback,FileStorage<test_for_ints::ICallback,test_for_ints::ObjectUIDType,LRUCacheObject,TypeMarshaller,test_for_ints::DataNodeType,test_for_ints::IndexNodeType>>>::remove' in 'int_test'
  
C:\Users\Rajesh\OneDrive\Desktop\dbdb\libbtree\IndexNode.hpp(807,39): warning C4267: 'initializing': conversion from 'size_t' to 'uint32_t', possible loss of data
  (compiling source file 'sandbox.cpp')
  
C:\Users\Rajesh\OneDrive\Desktop\dbdb\libbtree\IndexNode.hpp(809,39): warning C4267: 'initializing': conversion from 'size_t' to 'uint32_t', possible loss of data
  (compiling source file 'sandbox.cpp')
  
C:\Users\Rajesh\OneDrive\Desktop\dbdb\libbtree\IndexNode.hpp(810,42): warning C4267: 'initializing': conversion from 'size_t' to 'uint32_t', possible loss of data
  (compiling source file 'sandbox.cpp')
  
C:\Users\Rajesh\OneDrive\Desktop\dbdb\libbtree\IndexNode.hpp(835,47): warning C4267: '+=': conversion from 'size_t' to 'int32_t', possible loss of data
  (compiling source file 'sandbox.cpp')
  
C:\Users\Rajesh\OneDrive\Desktop\dbdb\libbtree\IndexNode.hpp(841,49): warning C4267: '+=': conversion from 'size_t' to 'int32_t', possible loss of data
  (compiling source file 'sandbox.cpp')
  
C:\Users\Rajesh\OneDrive\Desktop\dbdb\libbtree\IndexNode.hpp(847,62): warning C4267: '+=': conversion from 'size_t' to 'int32_t', possible loss of data
  (compiling source file 'sandbox.cpp')
  
C:\Users\Rajesh\OneDrive\Desktop\dbdb\libbtree\IndexNode.hpp(853,64): warning C4267: '+=': conversion from 'size_t' to 'int32_t', possible loss of data
  (compiling source file 'sandbox.cpp')
  
C:\Users\Rajesh\OneDrive\Desktop\dbdb\libbtree\DataNode.hpp(595,34): warning C4267: 'initializing': conversion from 'size_t' to 'uint32_t', possible loss of data
  (compiling source file 'sandbox.cpp')
      C:\Users\Rajesh\OneDrive\Desktop\dbdb\libbtree\DataNode.hpp(595,34):
      the template instantiation context (the oldest one first) is
          C:\Users\Rajesh\OneDrive\Desktop\dbdb\libbtree\DataNode.hpp(589,14):
          while compiling class template member function 'void DataNode<test_for_ints::KeyType,test_for_ints::ValueType,test_for_ints::ObjectUIDType,1>::moveAnEntityFromRHSSibling(std::shared_ptr<test_for_ints::DataNodeType>,KeyType &,int32_t &)'
          with
          [
              KeyType=test_for_ints::KeyType
          ]
              C:\Users\Rajesh\OneDrive\Desktop\dbdb\libbtree\IndexNode.hpp(712,41):
              see the first reference to 'DataNode<test_for_ints::KeyType,test_for_ints::ValueType,test_for_ints::ObjectUIDType,1>::moveAnEntityFromRHSSibling' in 'IndexNode<test_for_ints::KeyType,test_for_ints::ValueType,test_for_ints::ObjectUIDType,test_for_ints::DataNodeType,2>::rebalanceDataNode'
              C:\Users\Rajesh\OneDrive\Desktop\dbdb\libbtree\BPlusStore.hpp(594,77):
              see the first reference to 'IndexNode<test_for_ints::KeyType,test_for_ints::ValueType,test_for_ints::ObjectUIDType,test_for_ints::DataNodeType,2>::rebalanceDataNode' in 'BPlusStore<test_for_ints::ICallback,test_for_ints::KeyType,test_for_ints::ValueType,LRUCache<test_for_ints::ICallback,FileStorage<test_for_ints::ICallback,test_for_ints::ObjectUIDType,LRUCacheObject,TypeMarshaller,test_for_ints::DataNodeType,test_for_ints::IndexNodeType>>>::remove'
              C:\Users\Rajesh\OneDrive\Desktop\dbdb\sandbox\sandbox.cpp(338,28):
              see the first reference to 'BPlusStore<test_for_ints::ICallback,test_for_ints::KeyType,test_for_ints::ValueType,LRUCache<test_for_ints::ICallback,FileStorage<test_for_ints::ICallback,test_for_ints::ObjectUIDType,LRUCacheObject,TypeMarshaller,test_for_ints::DataNodeType,test_for_ints::IndexNodeType>>>::remove' in 'int_test'
  
C:\Users\Rajesh\OneDrive\Desktop\dbdb\libbtree\DataNode.hpp(596,36): warning C4267: 'initializing': conversion from 'size_t' to 'uint32_t', possible loss of data
  (compiling source file 'sandbox.cpp')
  
C:\Users\Rajesh\OneDrive\Desktop\dbdb\libbtree\DataNode.hpp(598,37): warning C4267: 'initializing': conversion from 'size_t' to 'uint32_t', possible loss of data
  (compiling source file 'sandbox.cpp')
  
C:\Users\Rajesh\OneDrive\Desktop\dbdb\libbtree\DataNode.hpp(599,39): warning C4267: 'initializing': conversion from 'size_t' to 'uint32_t', possible loss of data
  (compiling source file 'sandbox.cpp')
  
C:\Users\Rajesh\OneDrive\Desktop\dbdb\libbtree\DataNode.hpp(624,45): warning C4267: '+=': conversion from 'size_t' to 'int32_t', possible loss of data
  (compiling source file 'sandbox.cpp')
  
C:\Users\Rajesh\OneDrive\Desktop\dbdb\libbtree\DataNode.hpp(630,47): warning C4267: '+=': conversion from 'size_t' to 'int32_t', possible loss of data
  (compiling source file 'sandbox.cpp')
  
C:\Users\Rajesh\OneDrive\Desktop\dbdb\libbtree\DataNode.hpp(636,60): warning C4267: '+=': conversion from 'size_t' to 'int32_t', possible loss of data
  (compiling source file 'sandbox.cpp')
  
C:\Users\Rajesh\OneDrive\Desktop\dbdb\libbtree\DataNode.hpp(642,62): warning C4267: '+=': conversion from 'size_t' to 'int32_t', possible loss of data
  (compiling source file 'sandbox.cpp')
  
C:\Users\Rajesh\OneDrive\Desktop\dbdb\libbtree\DataNode.hpp(549,34): warning C4267: 'initializing': conversion from 'size_t' to 'uint32_t', possible loss of data
  (compiling source file 'sandbox.cpp')
      C:\Users\Rajesh\OneDrive\Desktop\dbdb\libbtree\DataNode.hpp(549,34):
      the template instantiation context (the oldest one first) is
          C:\Users\Rajesh\OneDrive\Desktop\dbdb\libbtree\DataNode.hpp(543,14):
          while compiling class template member function 'void DataNode<test_for_ints::KeyType,test_for_ints::ValueType,test_for_ints::ObjectUIDType,1>::mergeNode(std::shared_ptr<test_for_ints::DataNodeType>,int32_t &)'
              C:\Users\Rajesh\OneDrive\Desktop\dbdb\libbtree\IndexNode.hpp(663,25):
              see the first reference to 'DataNode<test_for_ints::KeyType,test_for_ints::ValueType,test_for_ints::ObjectUIDType,1>::mergeNode' in 'IndexNode<test_for_ints::KeyType,test_for_ints::ValueType,test_for_ints::ObjectUIDType,test_for_ints::DataNodeType,2>::rebalanceDataNode'
              C:\Users\Rajesh\OneDrive\Desktop\dbdb\libbtree\BPlusStore.hpp(594,77):
              see the first reference to 'IndexNode<test_for_ints::KeyType,test_for_ints::ValueType,test_for_ints::ObjectUIDType,test_for_ints::DataNodeType,2>::rebalanceDataNode' in 'BPlusStore<test_for_ints::ICallback,test_for_ints::KeyType,test_for_ints::ValueType,LRUCache<test_for_ints::ICallback,FileStorage<test_for_ints::ICallback,test_for_ints::ObjectUIDType,LRUCacheObject,TypeMarshaller,test_for_ints::DataNodeType,test_for_ints::IndexNodeType>>>::remove'
              C:\Users\Rajesh\OneDrive\Desktop\dbdb\sandbox\sandbox.cpp(338,28):
              see the first reference to 'BPlusStore<test_for_ints::ICallback,test_for_ints::KeyType,test_for_ints::ValueType,LRUCache<test_for_ints::ICallback,FileStorage<test_for_ints::ICallback,test_for_ints::ObjectUIDType,LRUCacheObject,TypeMarshaller,test_for_ints::DataNodeType,test_for_ints::IndexNodeType>>>::remove' in 'int_test'
  
C:\Users\Rajesh\OneDrive\Desktop\dbdb\libbtree\DataNode.hpp(550,36): warning C4267: 'initializing': conversion from 'size_t' to 'uint32_t', possible loss of data
  (compiling source file 'sandbox.cpp')
  
C:\Users\Rajesh\OneDrive\Desktop\dbdb\libbtree\DataNode.hpp(565,45): warning C4267: '+=': conversion from 'size_t' to 'int32_t', possible loss of data
  (compiling source file 'sandbox.cpp')
  
C:\Users\Rajesh\OneDrive\Desktop\dbdb\libbtree\DataNode.hpp(571,47): warning C4267: '+=': conversion from 'size_t' to 'int32_t', possible loss of data
  (compiling source file 'sandbox.cpp')
  
C:\Users\Rajesh\OneDrive\Desktop\dbdb\libbtree\DataNode.hpp(479,34): warning C4267: 'initializing': conversion from 'size_t' to 'uint32_t', possible loss of data
  (compiling source file 'sandbox.cpp')
      C:\Users\Rajesh\OneDrive\Desktop\dbdb\libbtree\DataNode.hpp(479,34):
      the template instantiation context (the oldest one first) is
          C:\Users\Rajesh\OneDrive\Desktop\dbdb\libbtree\DataNode.hpp(473,14):
          while compiling class template member function 'void DataNode<test_for_ints::KeyType,test_for_ints::ValueType,test_for_ints::ObjectUIDType,1>::moveAnEntityFromLHSSibling(std::shared_ptr<test_for_ints::DataNodeType>,KeyType &,int32_t &)'
          with
          [
              KeyType=test_for_ints::KeyType
          ]
              C:\Users\Rajesh\OneDrive\Desktop\dbdb\libbtree\IndexNode.hpp(652,41):
              see the first reference to 'DataNode<test_for_ints::KeyType,test_for_ints::ValueType,test_for_ints::ObjectUIDType,1>::moveAnEntityFromLHSSibling' in 'IndexNode<test_for_ints::KeyType,test_for_ints::ValueType,test_for_ints::ObjectUIDType,test_for_ints::DataNodeType,2>::rebalanceDataNode'
              C:\Users\Rajesh\OneDrive\Desktop\dbdb\libbtree\BPlusStore.hpp(594,77):
              see the first reference to 'IndexNode<test_for_ints::KeyType,test_for_ints::ValueType,test_for_ints::ObjectUIDType,test_for_ints::DataNodeType,2>::rebalanceDataNode' in 'BPlusStore<test_for_ints::ICallback,test_for_ints::KeyType,test_for_ints::ValueType,LRUCache<test_for_ints::ICallback,FileStorage<test_for_ints::ICallback,test_for_ints::ObjectUIDType,LRUCacheObject,TypeMarshaller,test_for_ints::DataNodeType,test_for_ints::IndexNodeType>>>::remove'
              C:\Users\Rajesh\OneDrive\Desktop\dbdb\sandbox\sandbox.cpp(338,28):
              see the first reference to 'BPlusStore<test_for_ints::ICallback,test_for_ints::KeyType,test_for_ints::ValueType,LRUCache<test_for_ints::ICallback,FileStorage<test_for_ints::ICallback,test_for_ints::ObjectUIDType,LRUCacheObject,TypeMarshaller,test_for_ints::DataNodeType,test_for_ints::IndexNodeType>>>::remove' in 'int_test'
  
C:\Users\Rajesh\OneDrive\Desktop\dbdb\libbtree\DataNode.hpp(480,36): warning C4267: 'initializing': conversion from 'size_t' to 'uint32_t', possible loss of data
  (compiling source file 'sandbox.cpp')
  
C:\Users\Rajesh\OneDrive\Desktop\dbdb\libbtree\DataNode.hpp(482,37): warning C4267: 'initializing': conversion from 'size_t' to 'uint32_t', possible loss of data
  (compiling source file 'sandbox.cpp')
  
C:\Users\Rajesh\OneDrive\Desktop\dbdb\libbtree\DataNode.hpp(483,39): warning C4267: 'initializing': conversion from 'size_t' to 'uint32_t', possible loss of data
  (compiling source file 'sandbox.cpp')
  
C:\Users\Rajesh\OneDrive\Desktop\dbdb\libbtree\DataNode.hpp(508,45): warning C4267: '+=': conversion from 'size_t' to 'int32_t', possible loss of data
  (compiling source file 'sandbox.cpp')
  
C:\Users\Rajesh\OneDrive\Desktop\dbdb\libbtree\DataNode.hpp(514,47): warning C4267: '+=': conversion from 'size_t' to 'int32_t', possible loss of data
  (compiling source file 'sandbox.cpp')
  
C:\Users\Rajesh\OneDrive\Desktop\dbdb\libbtree\DataNode.hpp(520,60): warning C4267: '+=': conversion from 'size_t' to 'int32_t', possible loss of data
  (compiling source file 'sandbox.cpp')
  
C:\Users\Rajesh\OneDrive\Desktop\dbdb\libbtree\DataNode.hpp(526,62): warning C4267: '+=': conversion from 'size_t' to 'int32_t', possible loss of data
  (compiling source file 'sandbox.cpp')
  
C:\Users\Rajesh\OneDrive\Desktop\dbdb\libcache\SSARCCache.hpp(70,3): warning C4297: 'SSARCCache<cache_team_test::ICallback,VolatileStorage<cache_team_test::ICallback,cache_team_test::ObjectUIDType,SSARCCacheObject,TypeMarshaller,cache_team_test::DataNodeType,cache_team_test::IndexNodeType>>::~SSARCCache': function assumed not to throw an exception but does
  (compiling source file 'sandbox.cpp')
      C:\Users\Rajesh\OneDrive\Desktop\dbdb\libcache\SSARCCache.hpp(70,3):
      destructor or deallocator has a (possibly implicit) non-throwing exception specification
      C:\Users\Rajesh\OneDrive\Desktop\dbdb\libcache\SSARCCache.hpp(70,3):
      the template instantiation context (the oldest one first) is
          C:\Users\Rajesh\OneDrive\Desktop\dbdb\libbtree\BPlusStore.hpp(36,24):
          see reference to class template instantiation 'SSARCCache<cache_team_test::ICallback,VolatileStorage<cache_team_test::ICallback,cache_team_test::ObjectUIDType,SSARCCacheObject,TypeMarshaller,cache_team_test::DataNodeType,cache_team_test::IndexNodeType>>' being compiled
          C:\Users\Rajesh\OneDrive\Desktop\dbdb\libcache\SSARCCache.hpp(67,3):
          while compiling class template member function 'SSARCCache<cache_team_test::ICallback,VolatileStorage<cache_team_test::ICallback,cache_team_test::ObjectUIDType,SSARCCacheObject,TypeMarshaller,cache_team_test::DataNodeType,cache_team_test::IndexNodeType>>::~SSARCCache(void)'
              C:\Users\Rajesh\OneDrive\Desktop\dbdb\libcache\SSARCCache.hpp(220,1):
              see the first reference to 'SSARCCache<cache_team_test::ICallback,VolatileStorage<cache_team_test::ICallback,cache_team_test::ObjectUIDType,SSARCCacheObject,TypeMarshaller,cache_team_test::DataNodeType,cache_team_test::IndexNodeType>>::~SSARCCache' in 'SSARCCache<cache_team_test::ICallback,VolatileStorage<cache_team_test::ICallback,cache_team_test::ObjectUIDType,SSARCCacheObject,TypeMarshaller,cache_team_test::DataNodeType,cache_team_test::IndexNodeType>>::~SSARCCache'
  
C:\Users\Rajesh\OneDrive\Desktop\dbdb\libcache\LRUCache.hpp(1020,33): warning C4267: 'initializing': conversion from 'size_t' to 'uint32_t', possible loss of data
  (compiling source file 'sandbox.cpp')
      C:\Users\Rajesh\OneDrive\Desktop\dbdb\libcache\LRUCache.hpp(1020,33):
      the template instantiation context (the oldest one first) is
          C:\Users\Rajesh\OneDrive\Desktop\dbdb\libcache\LRUCache.hpp(1012,14):
          while compiling class template member function 'void LRUCache<test_for_ints::ICallback,PMemStorage<test_for_ints::ICallback,test_for_ints::ObjectUIDType,LRUCacheObject,TypeMarshaller,test_for_ints::DataNodeType,test_for_ints::IndexNodeType>>::flushAllItemsToStorage(void)'
              C:\Users\Rajesh\OneDrive\Desktop\dbdb\libcache\LRUCache.hpp(90,25):
              see the first reference to 'LRUCache<test_for_ints::ICallback,PMemStorage<test_for_ints::ICallback,test_for_ints::ObjectUIDType,LRUCacheObject,TypeMarshaller,test_for_ints::DataNodeType,test_for_ints::IndexNodeType>>::flushAllItemsToStorage' in 'LRUCache<test_for_ints::ICallback,PMemStorage<test_for_ints::ICallback,test_for_ints::ObjectUIDType,LRUCacheObject,TypeMarshaller,test_for_ints::DataNodeType,test_for_ints::IndexNodeType>>::~LRUCache'
              C:\Users\Rajesh\OneDrive\Desktop\dbdb\libcache\LRUCache.hpp(1447,1):
              see the first reference to 'LRUCache<test_for_ints::ICallback,PMemStorage<test_for_ints::ICallback,test_for_ints::ObjectUIDType,LRUCacheObject,TypeMarshaller,test_for_ints::DataNodeType,test_for_ints::IndexNodeType>>::~LRUCache' in 'LRUCache<test_for_ints::ICallback,PMemStorage<test_for_ints::ICallback,test_for_ints::ObjectUIDType,LRUCacheObject,TypeMarshaller,test_for_ints::DataNodeType,test_for_ints::IndexNodeType>>::~LRUCache'
  
C:\Users\Rajesh\OneDrive\Desktop\dbdb\libbtree\TypeMarshaller.hpp(52,11): warning C4101: 'uidObjectType': unreferenced local variable
  (compiling source file 'sandbox.cpp')
      C:\Users\Rajesh\OneDrive\Desktop\dbdb\libbtree\TypeMarshaller.hpp(52,11):
      the template instantiation context (the oldest one first) is
          C:\Users\Rajesh\OneDrive\Desktop\dbdb\libbtree\BPlusStore.hpp(40,78):
          see reference to class template instantiation 'LRUCacheObject<TypeMarshaller,test_for_ints::DataNodeType,test_for_ints::IndexNodeType>' being compiled
          C:\Users\Rajesh\OneDrive\Desktop\dbdb\libcache\LRUCacheObject.hpp(98,2):
          while compiling class template member function 'LRUCacheObject<TypeMarshaller,test_for_ints::DataNodeType,test_for_ints::IndexNodeType>::LRUCacheObject(const char *)'
              C:\Program Files\Microsoft Visual Studio\2022\Community\VC\Tools\MSVC\14.42.34433\include\xutility(406,61):
              see the first reference to 'LRUCacheObject<TypeMarshaller,test_for_ints::DataNodeType,test_for_ints::IndexNodeType>::LRUCacheObject' in 'std::_Construct_in_place'
          C:\Users\Rajesh\OneDrive\Desktop\dbdb\libcache\LRUCacheObject.hpp(101,33):
          see reference to function template instantiation 'void TypeMarshaller::deserialize<std::variant<std::shared_ptr<test_for_ints::DataNodeType>,std::shared_ptr<test_for_ints::IndexNodeType>>,test_for_ints::DataNodeType,test_for_ints::IndexNodeType>(const char *,ObjectType &)' being compiled
          with
          [
              ObjectType=std::variant<std::shared_ptr<test_for_ints::DataNodeType>,std::shared_ptr<test_for_ints::IndexNodeType>>
          ]
  
C:\Users\Rajesh\OneDrive\Desktop\dbdb\libbtree\DataNodeROpt.hpp(294,27): warning C4267: 'initializing': conversion from 'size_t' to 'uint16_t', possible loss of data
  (compiling source file 'sandbox.cpp')
      C:\Users\Rajesh\OneDrive\Desktop\dbdb\libbtree\DataNodeROpt.hpp(294,27):
      the template instantiation context (the oldest one first) is
          C:\Users\Rajesh\OneDrive\Desktop\dbdb\libbtree\DataNodeROpt.hpp(283,14):
          while compiling class template member function 'void DataNodeROpt<test_for_ints::KeyType,test_for_ints::ValueType,test_for_ints::ObjectUIDType,1>::writeToStream(std::fstream &,uint8_t &,uint32_t &) const'
              C:\Users\Rajesh\OneDrive\Desktop\dbdb\libbtree\TypeMarshaller.hpp(14,24):
              see the first reference to 'DataNodeROpt<test_for_ints::KeyType,test_for_ints::ValueType,test_for_ints::ObjectUIDType,1>::writeToStream' in 'TypeMarshaller::serialize::<lambda_1>::operator ()'
  
C:\Users\Rajesh\OneDrive\Desktop\dbdb\libbtree\DataNode.hpp(186,27): warning C4267: 'initializing': conversion from 'size_t' to 'uint16_t', possible loss of data
  (compiling source file 'sandbox.cpp')
      C:\Users\Rajesh\OneDrive\Desktop\dbdb\libbtree\DataNode.hpp(186,27):
      the template instantiation context (the oldest one first) is
          C:\Users\Rajesh\OneDrive\Desktop\dbdb\libbtree\DataNode.hpp(177,14):
          while compiling class template member function 'void DataNode<test_for_ints::KeyType,test_for_ints::ValueType,test_for_ints::ObjectUIDType,1>::writeToStream(std::fstream &,uint8_t &,uint32_t &) const'
              C:\Users\Rajesh\OneDrive\Desktop\dbdb\libbtree\TypeMarshaller.hpp(14,24):
              see the first reference to 'DataNode<test_for_ints::KeyType,test_for_ints::ValueType,test_for_ints::ObjectUIDType,1>::writeToStream' in 'TypeMarshaller::serialize::<lambda_1>::operator ()'
  
C:\Users\Rajesh\OneDrive\Desktop\dbdb\libbtree\DataNode.hpp(140,27): warning C4267: 'initializing': conversion from 'size_t' to 'uint16_t', possible loss of data
  (compiling source file 'sandbox.cpp')
      C:\Users\Rajesh\OneDrive\Desktop\dbdb\libbtree\DataNode.hpp(140,27):
      the template instantiation context (the oldest one first) is
          C:\Users\Rajesh\OneDrive\Desktop\dbdb\libbtree\DataNode.hpp(131,14):
          while compiling class template member function 'void DataNode<test_for_ints::KeyType,test_for_ints::ValueType,test_for_ints::ObjectUIDType,1>::serialize(char *&,uint8_t &,uint32_t &) const'
              C:\Users\Rajesh\OneDrive\Desktop\dbdb\libbtree\TypeMarshaller.hpp(22,20):
              see the first reference to 'DataNode<test_for_ints::KeyType,test_for_ints::ValueType,test_for_ints::ObjectUIDType,1>::serialize' in 'TypeMarshaller::serialize::<lambda_1>::operator ()'
  
C:\Users\Rajesh\OneDrive\Desktop\dbdb\libbtree\IndexNodeROpt.hpp(240,25): warning C4267: 'initializing': conversion from 'size_t' to 'uint16_t', possible loss of data
  (compiling source file 'sandbox.cpp')
      C:\Users\Rajesh\OneDrive\Desktop\dbdb\libbtree\IndexNodeROpt.hpp(240,25):
      the template instantiation context (the oldest one first) is
          C:\Users\Rajesh\OneDrive\Desktop\dbdb\libbtree\IndexNodeROpt.hpp(231,14):
          while compiling class template member function 'void IndexNodeROpt<test_for_ints::KeyType,test_for_ints::ValueType,test_for_ints::ObjectUIDType,test_for_ints::DataNodeType,2>::writeToStream(std::fstream &,uint8_t &,uint32_t &) const'
              C:\Users\Rajesh\OneDrive\Desktop\dbdb\libbtree\TypeMarshaller.hpp(14,24):
              see the first reference to 'IndexNodeROpt<test_for_ints::KeyType,test_for_ints::ValueType,test_for_ints::ObjectUIDType,test_for_ints::DataNodeType,2>::writeToStream' in 'TypeMarshaller::serialize::<lambda_1>::operator ()'
  
C:\Users\Rajesh\OneDrive\Desktop\dbdb\libbtree\IndexNode.hpp(188,23): warning C4267: 'initializing': conversion from 'size_t' to 'uint16_t', possible loss of data
  (compiling source file 'sandbox.cpp')
      C:\Users\Rajesh\OneDrive\Desktop\dbdb\libbtree\IndexNode.hpp(188,23):
      the template instantiation context (the oldest one first) is
          C:\Users\Rajesh\OneDrive\Desktop\dbdb\libbtree\IndexNode.hpp(179,14):
          while compiling class template member function 'void IndexNode<test_for_ints::KeyType,test_for_ints::ValueType,test_for_ints::ObjectUIDType,test_for_ints::DataNodeType,2>::serialize(char *&,uint8_t &,uint32_t &) const'
              C:\Users\Rajesh\OneDrive\Desktop\dbdb\libbtree\TypeMarshaller.hpp(22,20):
              see the first reference to 'IndexNode<test_for_ints::KeyType,test_for_ints::ValueType,test_for_ints::ObjectUIDType,test_for_ints::DataNodeType,2>::serialize' in 'TypeMarshaller::serialize::<lambda_1>::operator ()'
  
C:\Users\Rajesh\OneDrive\Desktop\dbdb\libbtree\IndexNode.hpp(189,25): warning C4267: 'initializing': conversion from 'size_t' to 'uint16_t', possible loss of data
  (compiling source file 'sandbox.cpp')
  
C:\Users\Rajesh\OneDrive\Desktop\dbdb\libbtree\IndexNode.hpp(146,23): warning C4267: 'initializing': conversion from 'size_t' to 'uint16_t', possible loss of data
  (compiling source file 'sandbox.cpp')
      C:\Users\Rajesh\OneDrive\Desktop\dbdb\libbtree\IndexNode.hpp(146,23):
      the template instantiation context (the oldest one first) is
          C:\Users\Rajesh\OneDrive\Desktop\dbdb\libbtree\IndexNode.hpp(137,14):
          while compiling class template member function 'void IndexNode<test_for_ints::KeyType,test_for_ints::ValueType,test_for_ints::ObjectUIDType,test_for_ints::DataNodeType,2>::writeToStream(std::fstream &,uint8_t &,uint32_t &) const'
              C:\Users\Rajesh\OneDrive\Desktop\dbdb\libbtree\TypeMarshaller.hpp(14,24):
              see the first reference to 'IndexNode<test_for_ints::KeyType,test_for_ints::ValueType,test_for_ints::ObjectUIDType,test_for_ints::DataNodeType,2>::writeToStream' in 'TypeMarshaller::serialize::<lambda_1>::operator ()'
  
C:\Users\Rajesh\OneDrive\Desktop\dbdb\libbtree\IndexNode.hpp(147,25): warning C4267: 'initializing': conversion from 'size_t' to 'uint16_t', possible loss of data
  (compiling source file 'sandbox.cpp')
  
  Generating code
  Previous IPDB and IOBJ mismatch, fall back to full compilation.
C:\Users\Rajesh\OneDrive\Desktop\dbdb\libcache\SSARCCache.hpp(73): warning C4722: 'SSARCCache<IFlushCallback<ObjectFatUID,SSARCCacheObject<TypeMarshaller,DataNodeROpt<int,int,ObjectFatUID,1>,IndexNodeROpt<int,int,ObjectFatUID,DataNodeROpt<int,int,ObjectFatUID,1>,2> > >,VolatileStorage<IFlushCallback<ObjectFatUID,SSARCCacheObject<TypeMarshaller,DataNodeROpt<int,int,ObjectFatUID,1>,IndexNodeROpt<int,int,ObjectFatUID,DataNodeROpt<int,int,ObjectFatUID,1>,2> > >,ObjectFatUID,SSARCCacheObject,TypeMarshaller,DataNodeROpt<int,int,ObjectFatUID,1>,IndexNodeROpt<int,int,ObjectFatUID,DataNodeROpt<int,int,ObjectFatUID,1>,2> > >::~SSARCCache<IFlushCallback<ObjectFatUID,SSARCCacheObject<TypeMarshaller,DataNodeROpt<int,int,ObjectFatUID,1>,IndexNodeROpt<int,int,ObjectFatUID,DataNodeROpt<int,int,ObjectFatUID,1>,2> > >,VolatileStorage<IFlushCallback<ObjectFatUID,SSARCCacheObject<TypeMarshaller,DataNodeROpt<int,int,ObjectFatUID,1>,IndexNodeROpt<int,int,ObjectFatUID,DataNodeROpt<int,int,ObjectFatUID,1>,2> > >,ObjectFatUID,SSARCCacheObject,TypeMarshaller,DataNodeROpt<int,int,ObjectFatUID,1>,IndexNodeROpt<int,int,ObjectFatUID,DataNodeROpt<int,int,ObjectFatUID,1>,2> > >': destructor never returns, potential memory leak
  All 4248 functions were compiled because no usable IPDB/IOBJ from previous compilation was found.
  Finished generating code
  sandbox.vcxproj -> C:\Users\Rajesh\OneDrive\Desktop\dbdb\x64\Release_CTWC\sandbox.exe
